

Processing ImagesController#display (for 127.0.0.1 at 2010-11-23 18:49:55) [POST]
  Parameters: {"commit"=>"Create", "authenticity_token"=>"ru7OcWHUl7REAyxBBschhbW96AwjHvNWIaGRHqfrWj0=", "upload"=>{"datafile"=>#<File:C:/Users/Jeremy/AppData/Local/Temp/RackMultipart.3340.1>}, "image"=>{"name"=>"test123.jpg"}}
  [4;35;1mImage Load (1.0ms)[0m   [0mSELECT * FROM "images" [0m
Rendering template within layouts/master
Rendering images/display
Completed in 39ms (View: 10, DB: 1) | 200 OK [http://127.0.0.1/album]


Processing PostController#index (for 127.0.0.1 at 2010-11-23 19:12:23) [GET]
  Parameters: {"slug"=>"entrainements"}
  [4;36;1mCategory Load (0.0ms)[0m   [0;1mSELECT * FROM "categories" WHERE ("categories"."slug" = 'entrainements') LIMIT 1[0m
Rendering template within layouts/master
Rendering post/index
  [4;35;1mSQL (1.0ms)[0m   [0mSELECT count(*) AS count_all FROM "posts" INNER JOIN "categorizations" ON "posts".id = "categorizations".post_id WHERE (("categorizations".category_id = 1)) [0m
Completed in 82ms (View: 48, DB: 1) | 200 OK [http://127.0.0.1/entrainements]


Processing ImagesController#index (for 127.0.0.1 at 2010-11-23 19:12:32) [GET]
  [4;36;1mImage Load (0.0ms)[0m   [0;1mSELECT * FROM "images" [0m
Rendering template within layouts/master
Rendering images/index
Completed in 21ms (View: 7, DB: 0) | 200 OK [http://127.0.0.1/images]


Processing ImagesController#new (for 127.0.0.1 at 2010-11-23 19:12:36) [GET]
Rendering template within layouts/master
Rendering images/new
Completed in 22ms (View: 9, DB: 0) | 200 OK [http://127.0.0.1/images/new]


Processing ImagesController#display (for 127.0.0.1 at 2010-11-23 19:14:02) [POST]
  Parameters: {"commit"=>"Create", "authenticity_token"=>"ru7OcWHUl7REAyxBBschhbW96AwjHvNWIaGRHqfrWj0=", "upload"=>{"datafile"=>#<File:C:/Users/Jeremy/AppData/Local/Temp/RackMultipart.3340.0>}, "image"=>{"name"=>"test123.jpg"}}
  [4;35;1mImage Load (0.0ms)[0m   [0mSELECT * FROM "images" [0m
Rendering template within layouts/master
Rendering images/display
Completed in 22ms (View: 8, DB: 0) | 200 OK [http://127.0.0.1/album]


Processing ImagesController#new (for 127.0.0.1 at 2010-11-23 19:16:34) [GET]
Rendering template within layouts/master
Rendering images/new
Completed in 30ms (View: 12, DB: 0) | 200 OK [http://127.0.0.1/images/new]


Processing ImagesController#new (for 127.0.0.1 at 2010-11-23 19:22:09) [GET]
Rendering template within layouts/master
Rendering images/new
ERROR: compiling _run_erb_app47views47images47new46html46erb RAISED compile error
C:/Users/Jeremy/dev/lahaina/app/views/images/new.html.erb:3: syntax error, unexpected ':', expecting ')'
...form_for(@image, :controller :html =>{:multipart => true}) d...
                              ^
C:/Users/Jeremy/dev/lahaina/app/views/images/new.html.erb:3: syntax error, unexpected ')', expecting kEND
... :html =>{:multipart => true}) do |f| ; @output_buffer.conca...
                              ^
C:/Users/Jeremy/dev/lahaina/app/views/images/new.html.erb:19: syntax error, unexpected kENSURE, expecting $end
Function body:           def _run_erb_app47views47images47new46html46erb(local_assigns)
            old_output_buffer = output_buffer;;@output_buffer = '';  __in_erb_template=true ; @output_buffer.concat "<h1>New image</h1>\n"
@output_buffer.concat "\n"
 form_for(@image, :controller :html =>{:multipart => true}) do |f| ; @output_buffer.concat "\n"
@output_buffer.concat "  "; @output_buffer.concat(( f.error_messages ).to_s); @output_buffer.concat "\n"
@output_buffer.concat "\n"
@output_buffer.concat "  <p>\n"
@output_buffer.concat "    "; @output_buffer.concat(( f.label :name ).to_s); @output_buffer.concat "<br />\n"
@output_buffer.concat "    "; @output_buffer.concat(( f.text_field :name ).to_s); @output_buffer.concat "\n"
@output_buffer.concat "  </p>\n"
@output_buffer.concat "  <p>\n"
@output_buffer.concat "    "; @output_buffer.concat(( file_field 'upload', 'datafile' ).to_s); @output_buffer.concat "\n"
@output_buffer.concat "  </p>\n"
@output_buffer.concat "  <p>\n"
@output_buffer.concat "    "; @output_buffer.concat(( f.submit 'Create' ).to_s); @output_buffer.concat "\n"
@output_buffer.concat "  </p>\n"
 end ; @output_buffer.concat "\n"
@output_buffer.concat "\n"
@output_buffer.concat(( link_to 'Back', images_path ).to_s); @output_buffer
          ensure
            self.output_buffer = old_output_buffer
          end
Backtrace: C:/Users/Jeremy/dev/lahaina/app/views/images/new.html.erb:19:in `compile!'
c:/Ruby/lib/ruby/gems/1.8/gems/actionpack-2.3.8/lib/action_view/renderable.rb:61:in `compile'
c:/Ruby/lib/ruby/gems/1.8/gems/actionpack-2.3.8/lib/action_view/renderable.rb:28:in `render'
c:/Ruby/lib/ruby/gems/1.8/gems/actionpack-2.3.8/lib/action_view/template.rb:205:in `render_template'
c:/Ruby/lib/ruby/gems/1.8/gems/actionpack-2.3.8/lib/action_view/base.rb:265:in `render_without_haml'
c:/Ruby/lib/ruby/gems/1.8/gems/haml-3.0.21/rails/../lib/haml/helpers/action_view_mods.rb:13:in `render'
c:/Ruby/lib/ruby/gems/1.8/gems/actionpack-2.3.8/lib/action_view/base.rb:348:in `_render_with_layout'
c:/Ruby/lib/ruby/gems/1.8/gems/actionpack-2.3.8/lib/action_view/base.rb:262:in `render_without_haml'
c:/Ruby/lib/ruby/gems/1.8/gems/haml-3.0.21/rails/../lib/haml/helpers/action_view_mods.rb:13:in `render'
c:/Ruby/lib/ruby/gems/1.8/gems/actionpack-2.3.8/lib/action_controller/base.rb:1250:in `render_for_file'
c:/Ruby/lib/ruby/gems/1.8/gems/actionpack-2.3.8/lib/action_controller/base.rb:942:in `render_without_benchmark'
c:/Ruby/lib/ruby/gems/1.8/gems/actionpack-2.3.8/lib/action_controller/benchmarking.rb:51:in `render'
c:/Ruby/lib/ruby/gems/1.8/gems/activesupport-2.3.8/lib/active_support/core_ext/benchmark.rb:17:in `ms'
c:/Ruby/lib/ruby/gems/1.8/gems/activesupport-2.3.8/lib/active_support/core_ext/benchmark.rb:10:in `realtime'
c:/Ruby/lib/ruby/gems/1.8/gems/activesupport-2.3.8/lib/active_support/core_ext/benchmark.rb:17:in `ms'
c:/Ruby/lib/ruby/gems/1.8/gems/actionpack-2.3.8/lib/action_controller/benchmarking.rb:51:in `render'
c:/Ruby/lib/ruby/gems/1.8/gems/actionpack-2.3.8/lib/action_controller/mime_responds.rb:135:in `send'
c:/Ruby/lib/ruby/gems/1.8/gems/actionpack-2.3.8/lib/action_controller/mime_responds.rb:135:in `custom'
c:/Ruby/lib/ruby/gems/1.8/gems/actionpack-2.3.8/lib/action_controller/mime_responds.rb:179:in `call'
c:/Ruby/lib/ruby/gems/1.8/gems/actionpack-2.3.8/lib/action_controller/mime_responds.rb:179:in `respond'
c:/Ruby/lib/ruby/gems/1.8/gems/actionpack-2.3.8/lib/action_controller/mime_responds.rb:173:in `each'
c:/Ruby/lib/ruby/gems/1.8/gems/actionpack-2.3.8/lib/action_controller/mime_responds.rb:173:in `respond'
c:/Ruby/lib/ruby/gems/1.8/gems/actionpack-2.3.8/lib/action_controller/mime_responds.rb:107:in `respond_to'
C:/Users/Jeremy/dev/lahaina/app/controllers/images_controller.rb:31:in `new'
c:/Ruby/lib/ruby/gems/1.8/gems/actionpack-2.3.8/lib/action_controller/base.rb:1331:in `send'
c:/Ruby/lib/ruby/gems/1.8/gems/actionpack-2.3.8/lib/action_controller/base.rb:1331:in `perform_action_without_filters'
c:/Ruby/lib/ruby/gems/1.8/gems/actionpack-2.3.8/lib/action_controller/filters.rb:617:in `call_filters'
c:/Ruby/lib/ruby/gems/1.8/gems/actionpack-2.3.8/lib/action_controller/filters.rb:610:in `perform_action_without_benchmark'
c:/Ruby/lib/ruby/gems/1.8/gems/actionpack-2.3.8/lib/action_controller/benchmarking.rb:68:in `perform_action_without_rescue'
c:/Ruby/lib/ruby/gems/1.8/gems/activesupport-2.3.8/lib/active_support/core_ext/benchmark.rb:17:in `ms'
c:/Ruby/lib/ruby/gems/1.8/gems/activesupport-2.3.8/lib/active_support/core_ext/benchmark.rb:10:in `realtime'
c:/Ruby/lib/ruby/gems/1.8/gems/activesupport-2.3.8/lib/active_support/core_ext/benchmark.rb:17:in `ms'
c:/Ruby/lib/ruby/gems/1.8/gems/actionpack-2.3.8/lib/action_controller/benchmarking.rb:68:in `perform_action_without_rescue'
c:/Ruby/lib/ruby/gems/1.8/gems/actionpack-2.3.8/lib/action_controller/rescue.rb:160:in `perform_action_without_flash'
c:/Ruby/lib/ruby/gems/1.8/gems/actionpack-2.3.8/lib/action_controller/flash.rb:151:in `perform_action'
c:/Ruby/lib/ruby/gems/1.8/gems/actionpack-2.3.8/lib/action_controller/base.rb:532:in `send'
c:/Ruby/lib/ruby/gems/1.8/gems/actionpack-2.3.8/lib/action_controller/base.rb:532:in `process_without_filters'
c:/Ruby/lib/ruby/gems/1.8/gems/actionpack-2.3.8/lib/action_controller/filters.rb:606:in `process'
c:/Ruby/lib/ruby/gems/1.8/gems/actionpack-2.3.8/lib/action_controller/base.rb:391:in `process'
c:/Ruby/lib/ruby/gems/1.8/gems/actionpack-2.3.8/lib/action_controller/base.rb:386:in `call'
c:/Ruby/lib/ruby/gems/1.8/gems/actionpack-2.3.8/lib/action_controller/routing/route_set.rb:438:in `call'
c:/Ruby/lib/ruby/gems/1.8/gems/actionpack-2.3.8/lib/action_controller/dispatcher.rb:87:in `dispatch'
c:/Ruby/lib/ruby/gems/1.8/gems/actionpack-2.3.8/lib/action_controller/dispatcher.rb:121:in `_call'
c:/Ruby/lib/ruby/gems/1.8/gems/actionpack-2.3.8/lib/action_controller/dispatcher.rb:130:in `build_middleware_stack'
c:/Ruby/lib/ruby/gems/1.8/gems/activerecord-2.3.8/lib/active_record/query_cache.rb:29:in `call'
c:/Ruby/lib/ruby/gems/1.8/gems/activerecord-2.3.8/lib/active_record/query_cache.rb:29:in `call'
c:/Ruby/lib/ruby/gems/1.8/gems/activerecord-2.3.8/lib/active_record/connection_adapters/abstract/query_cache.rb:34:in `cache'
c:/Ruby/lib/ruby/gems/1.8/gems/activerecord-2.3.8/lib/active_record/query_cache.rb:9:in `cache'
c:/Ruby/lib/ruby/gems/1.8/gems/activerecord-2.3.8/lib/active_record/query_cache.rb:28:in `call'
c:/Ruby/lib/ruby/gems/1.8/gems/activerecord-2.3.8/lib/active_record/connection_adapters/abstract/connection_pool.rb:361:in `call'
c:/Ruby/lib/ruby/gems/1.8/gems/haml-3.0.21/rails/../lib/sass/plugin/rack.rb:41:in `call'
c:/Ruby/lib/ruby/gems/1.8/gems/actionpack-2.3.8/lib/action_controller/string_coercion.rb:25:in `call'
c:/Ruby/lib/ruby/gems/1.8/gems/rack-1.1.0/lib/rack/head.rb:9:in `call'
c:/Ruby/lib/ruby/gems/1.8/gems/rack-1.1.0/lib/rack/methodoverride.rb:24:in `call'
c:/Ruby/lib/ruby/gems/1.8/gems/actionpack-2.3.8/lib/action_controller/params_parser.rb:15:in `call'
c:/Ruby/lib/ruby/gems/1.8/gems/actionpack-2.3.8/lib/action_controller/session/cookie_store.rb:99:in `call'
c:/Ruby/lib/ruby/gems/1.8/gems/actionpack-2.3.8/lib/action_controller/failsafe.rb:26:in `call'
c:/Ruby/lib/ruby/gems/1.8/gems/rack-1.1.0/lib/rack/lock.rb:11:in `call'
c:/Ruby/lib/ruby/gems/1.8/gems/rack-1.1.0/lib/rack/lock.rb:11:in `synchronize'
c:/Ruby/lib/ruby/gems/1.8/gems/rack-1.1.0/lib/rack/lock.rb:11:in `call'
c:/Ruby/lib/ruby/gems/1.8/gems/actionpack-2.3.8/lib/action_controller/dispatcher.rb:114:in `call'
c:/Ruby/lib/ruby/gems/1.8/gems/actionpack-2.3.8/lib/action_controller/reloader.rb:34:in `run'
c:/Ruby/lib/ruby/gems/1.8/gems/actionpack-2.3.8/lib/action_controller/dispatcher.rb:108:in `call'
c:/Ruby/lib/ruby/gems/1.8/gems/rails-2.3.8/lib/rails/rack/static.rb:31:in `call'
c:/Ruby/lib/ruby/gems/1.8/gems/rack-1.1.0/lib/rack/urlmap.rb:47:in `call'
c:/Ruby/lib/ruby/gems/1.8/gems/rack-1.1.0/lib/rack/urlmap.rb:41:in `each'
c:/Ruby/lib/ruby/gems/1.8/gems/rack-1.1.0/lib/rack/urlmap.rb:41:in `call'
c:/Ruby/lib/ruby/gems/1.8/gems/rails-2.3.8/lib/rails/rack/log_tailer.rb:17:in `call'
c:/Ruby/lib/ruby/gems/1.8/gems/rack-1.1.0/lib/rack/content_length.rb:13:in `call'
c:/Ruby/lib/ruby/gems/1.8/gems/rack-1.1.0/lib/rack/chunked.rb:15:in `call'
c:/Ruby/lib/ruby/gems/1.8/gems/rack-1.1.0/lib/rack/handler/mongrel.rb:67:in `process'
c:/Ruby/lib/ruby/gems/1.8/gems/mongrel-1.1.5-x86-mswin32-60/lib/mongrel.rb:159:in `process_client'
c:/Ruby/lib/ruby/gems/1.8/gems/mongrel-1.1.5-x86-mswin32-60/lib/mongrel.rb:158:in `each'
c:/Ruby/lib/ruby/gems/1.8/gems/mongrel-1.1.5-x86-mswin32-60/lib/mongrel.rb:158:in `process_client'
c:/Ruby/lib/ruby/gems/1.8/gems/mongrel-1.1.5-x86-mswin32-60/lib/mongrel.rb:285:in `run'
c:/Ruby/lib/ruby/gems/1.8/gems/mongrel-1.1.5-x86-mswin32-60/lib/mongrel.rb:285:in `initialize'
c:/Ruby/lib/ruby/gems/1.8/gems/mongrel-1.1.5-x86-mswin32-60/lib/mongrel.rb:285:in `new'
c:/Ruby/lib/ruby/gems/1.8/gems/mongrel-1.1.5-x86-mswin32-60/lib/mongrel.rb:285:in `run'
c:/Ruby/lib/ruby/gems/1.8/gems/mongrel-1.1.5-x86-mswin32-60/lib/mongrel.rb:268:in `initialize'
c:/Ruby/lib/ruby/gems/1.8/gems/mongrel-1.1.5-x86-mswin32-60/lib/mongrel.rb:268:in `new'
c:/Ruby/lib/ruby/gems/1.8/gems/mongrel-1.1.5-x86-mswin32-60/lib/mongrel.rb:268:in `run'
c:/Ruby/lib/ruby/gems/1.8/gems/rack-1.1.0/lib/rack/handler/mongrel.rb:38:in `run'
c:/Ruby/lib/ruby/gems/1.8/gems/rails-2.3.8/lib/commands/server.rb:111
c:/Ruby/lib/ruby/site_ruby/1.8/rubygems/custom_require.rb:31:in `gem_original_require'
c:/Ruby/lib/ruby/site_ruby/1.8/rubygems/custom_require.rb:31:in `require'
script/server:3

ActionView::TemplateError (compile error
C:/Users/Jeremy/dev/lahaina/app/views/images/new.html.erb:3: syntax error, unexpected ':', expecting ')'
...form_for(@image, :controller :html =>{:multipart => true}) d...
                              ^
C:/Users/Jeremy/dev/lahaina/app/views/images/new.html.erb:3: syntax error, unexpected ')', expecting kEND
... :html =>{:multipart => true}) do |f| ; @output_buffer.conca...
                              ^
C:/Users/Jeremy/dev/lahaina/app/views/images/new.html.erb:19: syntax error, unexpected kENSURE, expecting $end) on line #3 of app/views/images/new.html.erb:
1: <h1>New image</h1>
2: 
3: <% form_for(@image, :controller :html =>{:multipart => true}) do |f| %>
4:   <%= f.error_messages %>
5: 
6:   <p>

    app/views/images/new.html.erb:19:in `compile!'
    haml (3.0.21) rails/./lib/haml/helpers/action_view_mods.rb:13:in `render'
    haml (3.0.21) rails/./lib/haml/helpers/action_view_mods.rb:13:in `render'
    app/controllers/images_controller.rb:31:in `new'
    haml (3.0.21) rails/./lib/sass/plugin/rack.rb:41:in `call'

Rendered rescues/_trace (151.0ms)
Rendered rescues/_request_and_response (2.0ms)
Rendering rescues/layout (internal_server_error)


Processing ImagesController#new (for 127.0.0.1 at 2010-11-23 19:22:22) [GET]
Rendering template within layouts/master
Rendering images/new
Completed in 32ms (View: 17, DB: 0) | 200 OK [http://127.0.0.1/images/new]


Processing ImagesController#create (for 127.0.0.1 at 2010-11-23 19:23:58) [POST]
  Parameters: {"commit"=>"Create", "authenticity_token"=>"ru7OcWHUl7REAyxBBschhbW96AwjHvNWIaGRHqfrWj0=", "upload"=>{"datafile"=>#<File:C:/Users/Jeremy/AppData/Local/Temp/RackMultipart.3340.0>}, "image"=>{"name"=>"test123.jpg"}}
  [4;36;1mImage Create (0.0ms)[0m   [0;1mINSERT INTO "images" ("name", "updated_at", "created_at") VALUES('test123.jpg', '2010-11-24 00:23:59', '2010-11-24 00:23:59')[0m
Redirected to http://127.0.0.1:3000/images/43
Completed in 1307ms (DB: 0) | 302 Found [http://127.0.0.1/images]


Processing ImagesController#show (for 127.0.0.1 at 2010-11-23 19:23:59) [GET]
  Parameters: {"id"=>"43"}
  [4;35;1mImage Load (0.0ms)[0m   [0mSELECT * FROM "images" WHERE ("images"."id" = 43) [0m
Rendering template within layouts/master
Rendering images/show
Completed in 33ms (View: 10, DB: 0) | 200 OK [http://127.0.0.1/images/43]


Processing ImagesController#index (for 127.0.0.1 at 2010-11-23 19:24:03) [GET]
  [4;36;1mImage Load (0.0ms)[0m   [0;1mSELECT * FROM "images" [0m
Rendering template within layouts/master
Rendering images/index
Completed in 25ms (View: 9, DB: 0) | 200 OK [http://127.0.0.1/images]


Processing ImagesController#display (for 127.0.0.1 at 2010-11-23 19:24:10) [GET]
  [4;35;1mImage Load (1.0ms)[0m   [0mSELECT * FROM "images" [0m
Rendering template within layouts/master
Rendering images/display
Completed in 19ms (View: 7, DB: 1) | 200 OK [http://127.0.0.1/album]


Processing ImagesController#display (for 127.0.0.1 at 2010-11-23 19:32:53) [GET]
  [4;36;1mImage Load (1.0ms)[0m   [0;1mSELECT * FROM "images" [0m
Rendering template within layouts/master
Rendering images/display
Completed in 23ms (View: 7, DB: 1) | 200 OK [http://127.0.0.1/album]


Processing ImagesController#display (for 127.0.0.1 at 2010-11-23 19:35:47) [GET]
  [4;35;1mImage Load (0.0ms)[0m   [0mSELECT * FROM "images" [0m
Rendering template within layouts/master
Rendering images/display
Completed in 28ms (View: 12, DB: 0) | 200 OK [http://127.0.0.1/album]


Processing ImagesController#display (for 127.0.0.1 at 2010-11-23 19:39:30) [GET]
  [4;36;1mImage Load (1.0ms)[0m   [0;1mSELECT * FROM "images" [0m
Rendering template within layouts/master
Rendering images/display
Completed in 22ms (View: 10, DB: 1) | 200 OK [http://127.0.0.1/album]


Processing ImagesController#display (for 127.0.0.1 at 2010-11-23 19:39:54) [GET]
  [4;35;1mImage Load (0.0ms)[0m   [0mSELECT * FROM "images" [0m
Rendering template within layouts/master
Rendering images/display
Completed in 83ms (View: 68, DB: 0) | 200 OK [http://127.0.0.1/album]


Processing ImagesController#display (for 127.0.0.1 at 2010-11-23 19:40:21) [GET]
  [4;36;1mImage Load (1.0ms)[0m   [0;1mSELECT * FROM "images" [0m
Rendering template within layouts/master
Rendering images/display
Completed in 21ms (View: 5, DB: 1) | 200 OK [http://127.0.0.1/album]


Processing ImagesController#display (for 127.0.0.1 at 2010-11-23 19:41:17) [GET]
  [4;35;1mImage Load (0.0ms)[0m   [0mSELECT * FROM "images" [0m
Rendering template within layouts/master
Rendering images/display
Completed in 32ms (View: 15, DB: 0) | 200 OK [http://127.0.0.1/album]


Processing ImagesController#display (for 127.0.0.1 at 2010-11-23 19:41:23) [GET]
  [4;36;1mImage Load (1.0ms)[0m   [0;1mSELECT * FROM "images" [0m
Rendering template within layouts/master
Rendering images/display
Completed in 18ms (View: 6, DB: 1) | 200 OK [http://127.0.0.1/album]


Processing ImagesController#display (for 127.0.0.1 at 2010-11-23 19:42:36) [GET]
  [4;35;1mImage Load (1.0ms)[0m   [0mSELECT * FROM "images" [0m
Rendering template within layouts/master
Rendering images/display
Completed in 19ms (View: 6, DB: 1) | 200 OK [http://127.0.0.1/album]


Processing ImagesController#display (for 127.0.0.1 at 2010-11-23 19:43:43) [GET]
  [4;36;1mImage Load (1.0ms)[0m   [0;1mSELECT * FROM "images" [0m
Rendering template within layouts/master
Rendering images/display
Completed in 24ms (View: 11, DB: 1) | 200 OK [http://127.0.0.1/album]


Processing ImagesController#display (for 127.0.0.1 at 2010-11-23 19:45:40) [GET]
  [4;35;1mImage Load (1.0ms)[0m   [0mSELECT * FROM "images" [0m
Rendering template within layouts/master
Rendering images/display
Completed in 24ms (View: 11, DB: 1) | 200 OK [http://127.0.0.1/album]


Processing ImagesController#display (for 127.0.0.1 at 2010-11-23 20:01:27) [GET]
  [4;36;1mImage Load (0.0ms)[0m   [0;1mSELECT * FROM "images" [0m
Rendering template within layouts/images
Rendering images/display
Completed in 26ms (View: 10, DB: 0) | 200 OK [http://127.0.0.1/album]


Processing ImagesController#display (for 127.0.0.1 at 2010-11-23 20:01:35) [GET]
  [4;35;1mImage Load (1.0ms)[0m   [0mSELECT * FROM "images" [0m
Rendering template within layouts/images
Rendering images/display
Completed in 19ms (View: 5, DB: 1) | 200 OK [http://127.0.0.1/album]


Processing ImagesController#display (for 127.0.0.1 at 2010-11-23 20:02:37) [GET]
  [4;36;1mImage Load (1.0ms)[0m   [0;1mSELECT * FROM "images" [0m
Rendering template within layouts/images
Rendering images/display
Completed in 24ms (View: 10, DB: 1) | 200 OK [http://127.0.0.1/album]


Processing ApplicationController#index (for 127.0.0.1 at 2010-11-23 20:02:37) [GET]

ActionController::RoutingError (No route matches "/javascripts/jquery.1.4.3.min" with {:method=>:get}):
  haml (3.0.21) rails/./lib/sass/plugin/rack.rb:41:in `call'

Rendering rescues/layout (not_found)


Processing ImagesController#display (for 127.0.0.1 at 2010-11-23 20:03:14) [GET]
  [4;35;1mImage Load (1.0ms)[0m   [0mSELECT * FROM "images" [0m
Rendering template within layouts/images
Rendering images/display
Completed in 21ms (View: 4, DB: 1) | 200 OK [http://127.0.0.1/album]


Processing ApplicationController#index (for 127.0.0.1 at 2010-11-23 20:03:14) [GET]

ActionController::RoutingError (No route matches "/javascripts/jquery.1.4.3.min" with {:method=>:get}):
  haml (3.0.21) rails/./lib/sass/plugin/rack.rb:41:in `call'

Rendering rescues/layout (not_found)


Processing ImagesController#display (for 127.0.0.1 at 2010-11-23 20:03:30) [GET]
  [4;36;1mImage Load (0.0ms)[0m   [0;1mSELECT * FROM "images" [0m
Rendering template within layouts/images
Rendering images/display
Completed in 38ms (View: 9, DB: 0) | 200 OK [http://127.0.0.1/album]


Processing ImagesController#display (for 127.0.0.1 at 2010-11-23 20:04:53) [GET]
  [4;35;1mImage Load (1.0ms)[0m   [0mSELECT * FROM "images" [0m
Rendering template within layouts/images
Rendering images/display
Completed in 23ms (View: 9, DB: 1) | 200 OK [http://127.0.0.1/album]


Processing ImagesController#display (for 127.0.0.1 at 2010-11-23 20:06:00) [GET]
  [4;36;1mImage Load (0.0ms)[0m   [0;1mSELECT * FROM "images" [0m
Rendering template within layouts/images
Rendering images/display
Completed in 26ms (View: 10, DB: 0) | 200 OK [http://127.0.0.1/album]


Processing ImagesController#display (for 127.0.0.1 at 2010-11-23 20:06:45) [GET]
  [4;35;1mImage Load (0.0ms)[0m   [0mSELECT * FROM "images" [0m
Rendering template within layouts/master
Rendering images/display
Completed in 28ms (View: 14, DB: 0) | 200 OK [http://127.0.0.1/album]


Processing ImagesController#display (for 127.0.0.1 at 2010-11-23 20:09:13) [GET]
  [4;36;1mImage Load (0.0ms)[0m   [0;1mSELECT * FROM "images" [0m
Rendering template within layouts/master
Rendering images/display
Completed in 27ms (View: 12, DB: 0) | 200 OK [http://127.0.0.1/album]


Processing ImagesController#display (for 127.0.0.1 at 2010-11-23 20:09:37) [GET]
  [4;35;1mImage Load (0.0ms)[0m   [0mSELECT * FROM "images" [0m
Rendering template within layouts/master
Rendering images/display
Completed in 29ms (View: 13, DB: 0) | 200 OK [http://127.0.0.1/album]


Processing ImagesController#display (for 127.0.0.1 at 2010-11-23 20:10:12) [GET]
  [4;36;1mImage Load (1.0ms)[0m   [0;1mSELECT * FROM "images" [0m
Rendering template within layouts/master
Rendering images/display
Completed in 26ms (View: 13, DB: 1) | 200 OK [http://127.0.0.1/album]


Processing ImagesController#display (for 127.0.0.1 at 2010-11-23 20:10:32) [GET]
  [4;35;1mImage Load (0.0ms)[0m   [0mSELECT * FROM "images" [0m
Rendering template within layouts/master
Rendering images/display
Completed in 27ms (View: 11, DB: 0) | 200 OK [http://127.0.0.1/album]


Processing ImagesController#display (for 127.0.0.1 at 2010-11-23 20:10:49) [GET]
  [4;36;1mImage Load (1.0ms)[0m   [0;1mSELECT * FROM "images" [0m
Rendering template within layouts/master
Rendering images/display
Completed in 26ms (View: 12, DB: 1) | 200 OK [http://127.0.0.1/album]


Processing ImagesController#display (for 127.0.0.1 at 2010-11-23 20:11:34) [GET]
  [4;35;1mImage Load (1.0ms)[0m   [0mSELECT * FROM "images" [0m
Rendering template within layouts/master
Rendering images/display
Completed in 95ms (View: 11, DB: 1) | 200 OK [http://127.0.0.1/album]


Processing ImagesController#index (for 127.0.0.1 at 2010-11-23 20:19:07) [GET]
  [4;36;1mImage Load (1.0ms)[0m   [0;1mSELECT * FROM "images" [0m
Rendering template within layouts/master
Rendering images/index
Completed in 29ms (View: 11, DB: 1) | 200 OK [http://127.0.0.1/images]


Processing ImagesController#index (for 127.0.0.1 at 2010-11-23 20:19:59) [GET]
  [4;35;1mImage Load (1.0ms)[0m   [0mSELECT * FROM "images" [0m
Rendering template within layouts/master
Rendering images/index
Completed in 32ms (View: 19, DB: 1) | 200 OK [http://127.0.0.1/images]


Processing ImagesController#index (for 127.0.0.1 at 2010-11-23 20:20:00) [GET]
  [4;36;1mImage Load (1.0ms)[0m   [0;1mSELECT * FROM "images" [0m
Rendering template within layouts/master
Rendering images/index
Completed in 28ms (View: 13, DB: 1) | 200 OK [http://127.0.0.1/images]


Processing ImagesController#display (for 127.0.0.1 at 2010-11-23 20:20:02) [GET]
  [4;35;1mImage Load (1.0ms)[0m   [0mSELECT * FROM "images" [0m
Rendering template within layouts/master
Rendering images/display
Completed in 20ms (View: 6, DB: 1) | 200 OK [http://127.0.0.1/album]


Processing VideosController#list (for 127.0.0.1 at 2010-11-23 20:20:07) [GET]
  [4;36;1mVideo Load (1.0ms)[0m   [0;1mSELECT * FROM "videos" ORDER BY created_at DESC[0m
Rendering template within layouts/master
Rendering videos/list
Completed in 22ms (View: 13, DB: 1) | 200 OK [http://127.0.0.1/videos/list]


Processing PostController#index (for 127.0.0.1 at 2010-11-23 20:20:08) [GET]
  Parameters: {"slug"=>"entrainements"}
  [4;35;1mCategory Load (0.0ms)[0m   [0mSELECT * FROM "categories" WHERE ("categories"."slug" = 'entrainements') LIMIT 1[0m
Rendering template within layouts/master
Rendering post/index
  [4;36;1mSQL (0.0ms)[0m   [0;1mSELECT count(*) AS count_all FROM "posts" INNER JOIN "categorizations" ON "posts".id = "categorizations".post_id WHERE (("categorizations".category_id = 1)) [0m
Completed in 30ms (View: 14, DB: 0) | 200 OK [http://127.0.0.1/entrainements]


Processing VideosController#list (for 127.0.0.1 at 2010-11-23 20:20:09) [GET]
  [4;35;1mVideo Load (0.0ms)[0m   [0mSELECT * FROM "videos" ORDER BY created_at DESC[0m
Rendering template within layouts/master
Rendering videos/list
Completed in 14ms (View: 6, DB: 0) | 200 OK [http://127.0.0.1/videos/list]


Processing HomeController#resume (for 127.0.0.1 at 2010-11-23 20:20:19) [GET]
Rendering template within layouts/master
Rendering home/resume
Completed in 11ms (View: 9, DB: 0) | 200 OK [http://127.0.0.1/resume]


Processing PostController#index (for 127.0.0.1 at 2010-11-23 20:20:31) [GET]
  Parameters: {"slug"=>"entrainements"}
  [4;36;1mCategory Load (0.0ms)[0m   [0;1mSELECT * FROM "categories" WHERE ("categories"."slug" = 'entrainements') LIMIT 1[0m
Rendering template within layouts/master
Rendering post/index
  [4;35;1mSQL (0.0ms)[0m   [0mSELECT count(*) AS count_all FROM "posts" INNER JOIN "categorizations" ON "posts".id = "categorizations".post_id WHERE (("categorizations".category_id = 1)) [0m
Completed in 100ms (View: 82, DB: 0) | 200 OK [http://127.0.0.1/entrainements]


Processing VideosController#list (for 127.0.0.1 at 2010-11-23 20:20:32) [GET]
  [4;36;1mVideo Load (21.0ms)[0m   [0;1mSELECT * FROM "videos" ORDER BY created_at DESC[0m
Rendering template within layouts/master
Rendering videos/list
Completed in 46ms (View: 6, DB: 21) | 200 OK [http://127.0.0.1/videos/list]


Processing ImagesController#display (for 127.0.0.1 at 2010-11-23 20:20:36) [GET]
  [4;35;1mImage Load (0.0ms)[0m   [0mSELECT * FROM "images" [0m
Rendering template within layouts/master
Rendering images/display
Completed in 23ms (View: 6, DB: 0) | 200 OK [http://127.0.0.1/album]


Processing PostController#index (for 127.0.0.1 at 2010-11-23 20:20:40) [GET]
  Parameters: {"slug"=>"entrainements"}
  [4;36;1mCategory Load (0.0ms)[0m   [0;1mSELECT * FROM "categories" WHERE ("categories"."slug" = 'entrainements') LIMIT 1[0m
Rendering template within layouts/master
Rendering post/index
  [4;35;1mSQL (0.0ms)[0m   [0mSELECT count(*) AS count_all FROM "posts" INNER JOIN "categorizations" ON "posts".id = "categorizations".post_id WHERE (("categorizations".category_id = 1)) [0m
Completed in 36ms (View: 13, DB: 0) | 200 OK [http://127.0.0.1/entrainements]


Processing HomeController#resume (for 127.0.0.1 at 2010-11-23 20:20:41) [GET]
Rendering template within layouts/master
Rendering home/resume
Completed in 7ms (View: 4, DB: 0) | 200 OK [http://127.0.0.1/resume]


Processing PostController#index (for 127.0.0.1 at 2010-11-23 20:20:43) [GET]
  Parameters: {"slug"=>"entrainements"}
  [4;36;1mCategory Load (0.0ms)[0m   [0;1mSELECT * FROM "categories" WHERE ("categories"."slug" = 'entrainements') LIMIT 1[0m
Rendering template within layouts/master
Rendering post/index
  [4;35;1mSQL (0.0ms)[0m   [0mSELECT count(*) AS count_all FROM "posts" INNER JOIN "categorizations" ON "posts".id = "categorizations".post_id WHERE (("categorizations".category_id = 1)) [0m
Completed in 32ms (View: 16, DB: 0) | 200 OK [http://127.0.0.1/entrainements]


Processing VideosController#list (for 127.0.0.1 at 2010-11-23 20:47:15) [GET]
  [4;36;1mVideo Load (1.0ms)[0m   [0;1mSELECT * FROM "videos" ORDER BY created_at DESC[0m
Rendering template within layouts/master
Rendering videos/list
Completed in 99ms (View: 91, DB: 1) | 200 OK [http://127.0.0.1/videos/list]


Processing ImagesController#display (for 127.0.0.1 at 2010-11-23 20:47:17) [GET]
  [4;35;1mImage Load (1.0ms)[0m   [0mSELECT * FROM "images" [0m
Rendering template within layouts/master
Rendering images/display
Completed in 23ms (View: 6, DB: 1) | 200 OK [http://127.0.0.1/album]


Processing HomeController#resume (for 127.0.0.1 at 2010-11-23 20:47:20) [GET]
Rendering template within layouts/master
Rendering home/resume
Completed in 7ms (View: 5, DB: 0) | 200 OK [http://127.0.0.1/resume]


Processing HomeController#resume (for 127.0.0.1 at 2010-11-24 16:02:43) [GET]
Rendering template within layouts/master
Rendering home/resume
Completed in 5ms (View: 4, DB: 0) | 200 OK [http://127.0.0.1/resume]


Processing VideosController#list (for 127.0.0.1 at 2010-11-24 16:02:45) [GET]
  [4;36;1mVideo Load (1.0ms)[0m   [0;1mSELECT * FROM "videos" ORDER BY created_at DESC[0m
Rendering template within layouts/master
Rendering videos/list
Completed in 12ms (View: 5, DB: 1) | 200 OK [http://127.0.0.1/videos/list]


Processing VideosController#list (for 127.0.0.1 at 2010-11-24 16:02:46) [GET]
  [4;35;1mVideo Load (0.0ms)[0m   [0mSELECT * FROM "videos" ORDER BY created_at DESC[0m
Rendering template within layouts/master
Rendering videos/list
Completed in 12ms (View: 5, DB: 0) | 200 OK [http://127.0.0.1/videos/list]


Processing PostController#index (for 127.0.0.1 at 2010-11-24 16:02:48) [GET]
  Parameters: {"slug"=>"entrainements"}
  [4;36;1mCategory Load (0.0ms)[0m   [0;1mSELECT * FROM "categories" WHERE ("categories"."slug" = 'entrainements') LIMIT 1[0m
Rendering template within layouts/master
Rendering post/index
  [4;35;1mSQL (0.0ms)[0m   [0mSELECT count(*) AS count_all FROM "posts" INNER JOIN "categorizations" ON "posts".id = "categorizations".post_id WHERE (("categorizations".category_id = 1)) [0m
Completed in 27ms (View: 13, DB: 0) | 200 OK [http://127.0.0.1/entrainements]


Processing ImagesController#display (for 127.0.0.1 at 2010-11-24 16:02:49) [GET]
  [4;36;1mImage Load (0.0ms)[0m   [0;1mSELECT * FROM "images" [0m
Rendering template within layouts/master
Rendering images/display
Completed in 39ms (View: 6, DB: 0) | 200 OK [http://127.0.0.1/album]


Processing HomeController#resume (for 127.0.0.1 at 2010-11-24 16:02:50) [GET]
Rendering template within layouts/master
Rendering home/resume
Completed in 5ms (View: 4, DB: 0) | 200 OK [http://127.0.0.1/resume]


Processing ImagesController#display (for 127.0.0.1 at 2010-11-24 16:02:51) [GET]
  [4;35;1mImage Load (1.0ms)[0m   [0mSELECT * FROM "images" [0m
Rendering template within layouts/master
Rendering images/display
Completed in 17ms (View: 5, DB: 1) | 200 OK [http://127.0.0.1/album]
  [4;36;1mCategory Load (1.0ms)[0m   [0;1mSELECT * FROM "categories" [0m
  [4;36;1mCategory Load (0.0ms)[0m   [0;1mSELECT * FROM "categories" [0m
  [4;35;1mSQL (0.0ms)[0m   [0m SELECT name
 FROM sqlite_master
 WHERE type = 'table' AND NOT name = 'sqlite_sequence'
[0m
  [4;36;1mSQL (0.0ms)[0m   [0;1mSELECT version FROM schema_migrations[0m
Migrating to CreateCategories (20100824005522)
Migrating to CreatePosts (20100824222907)
Migrating to AddCategoryId (20100824225838)
Migrating to RspectModel (20100906145820)
Migrating to CreateCategorizations (20100906150537)
Migrating to CreateUsers (20100906201402)
Migrating to AddIspublishedToPost (20100930003726)
Migrating to ChangeDefaultIsPublishedToFalse (20101010162254)
Migrating to CreateComments (20101010183430)
Migrating to AddPostIdToComment (20101011144222)
Migrating to AddEventDateToPosts (20101016000707)
Migrating to RemoveEventToPosts (20101017125804)
Migrating to CreateVideos (20101017232607)
Migrating to AddEmbedAndRemoveUrl (20101018004801)
Migrating to AddReplyToToComments (20101018234428)
Migrating to CreateImages (20101031153712)
Migrating to RemoveUrlAndThumbUrlFromImage (20101107213611)
Migrating to AddTitleAndDescriptionToImage (20101125014925)
  [4;35;1mSQL (0.0ms)[0m   [0mselect sqlite_version(*)[0m
  [4;36;1mSQL (0.0ms)[0m   [0;1mALTER TABLE "images" ADD "title" varchar(255)[0m
  [4;35;1mSQL (0.0ms)[0m   [0mALTER TABLE "images" ADD "description" varchar(255)[0m
  [4;36;1mSQL (0.0ms)[0m   [0;1mINSERT INTO schema_migrations (version) VALUES ('20101125014925')[0m
  [4;35;1mSQL (1.0ms)[0m   [0m SELECT name
 FROM sqlite_master
 WHERE type = 'table' AND NOT name = 'sqlite_sequence'
[0m
  [4;36;1mSQL (0.0ms)[0m   [0;1mSELECT version FROM schema_migrations[0m
  [4;35;1mSQL (1.0ms)[0m   [0m SELECT name
 FROM sqlite_master
 WHERE type = 'table' AND NOT name = 'sqlite_sequence'
[0m
  [4;36;1mSQL (0.0ms)[0m   [0;1mPRAGMA index_list("categories")[0m
  [4;35;1mSQL (0.0ms)[0m   [0mPRAGMA index_list("categorizations")[0m
  [4;36;1mSQL (0.0ms)[0m   [0;1mPRAGMA index_list("comments")[0m
  [4;35;1mSQL (0.0ms)[0m   [0mPRAGMA index_list("images")[0m
  [4;36;1mSQL (0.0ms)[0m   [0;1mPRAGMA index_list("posts")[0m
  [4;35;1mSQL (0.0ms)[0m   [0mPRAGMA index_list("users")[0m
  [4;36;1mSQL (0.0ms)[0m   [0;1mPRAGMA index_list("videos")[0m
  [4;36;1mCategory Load (1.0ms)[0m   [0;1mSELECT * FROM "categories" [0m
  [4;35;1mSQL (0.0ms)[0m   [0mselect sqlite_version(*)[0m
  [4;36;1mSQL (1.0ms)[0m   [0;1m SELECT name
 FROM sqlite_master
 WHERE type = 'table' AND NOT name = 'sqlite_sequence'
[0m
  [4;35;1mSQL (0.0ms)[0m   [0mSELECT version FROM schema_migrations[0m
  [4;36;1mSQL (0.0ms)[0m   [0;1m SELECT name
 FROM sqlite_master
 WHERE type = 'table' AND NOT name = 'sqlite_sequence'
[0m
  [4;35;1mSQL (0.0ms)[0m   [0mPRAGMA index_list("categories")[0m
  [4;36;1mSQL (0.0ms)[0m   [0;1mPRAGMA index_list("categorizations")[0m
  [4;35;1mSQL (0.0ms)[0m   [0mPRAGMA index_list("comments")[0m
  [4;36;1mSQL (0.0ms)[0m   [0;1mPRAGMA index_list("images")[0m
  [4;35;1mSQL (0.0ms)[0m   [0mPRAGMA index_list("posts")[0m
  [4;36;1mSQL (0.0ms)[0m   [0;1mPRAGMA index_list("users")[0m
  [4;35;1mSQL (0.0ms)[0m   [0mPRAGMA index_list("videos")[0m
  [4;36;1mSQL (0.0ms)[0m   [0;1mselect sqlite_version(*)[0m
  [4;35;1mSQL (1.0ms)[0m   [0m SELECT name
 FROM sqlite_master
 WHERE type = 'table' AND NOT name = 'sqlite_sequence'
[0m
  [4;36;1mSQL (90.0ms)[0m   [0;1mCREATE TABLE "categories" ("id" INTEGER PRIMARY KEY AUTOINCREMENT NOT NULL, "title" varchar(255), "slug" varchar(255), "created_at" datetime, "updated_at" datetime) [0m
  [4;35;1mSQL (0.0ms)[0m   [0m SELECT name
 FROM sqlite_master
 WHERE type = 'table' AND NOT name = 'sqlite_sequence'
[0m
  [4;36;1mSQL (71.0ms)[0m   [0;1mCREATE TABLE "categorizations" ("id" INTEGER PRIMARY KEY AUTOINCREMENT NOT NULL, "post_id" integer, "category_id" integer, "created_at" datetime, "updated_at" datetime) [0m
  [4;35;1mSQL (0.0ms)[0m   [0m SELECT name
 FROM sqlite_master
 WHERE type = 'table' AND NOT name = 'sqlite_sequence'
[0m
  [4;36;1mSQL (169.0ms)[0m   [0;1mCREATE TABLE "comments" ("id" INTEGER PRIMARY KEY AUTOINCREMENT NOT NULL, "user" varchar(255), "website" varchar(255), "text" text, "created_at" datetime, "updated_at" datetime, "post_id" integer, "reply_to" integer) [0m
  [4;35;1mSQL (0.0ms)[0m   [0m SELECT name
 FROM sqlite_master
 WHERE type = 'table' AND NOT name = 'sqlite_sequence'
[0m
  [4;36;1mSQL (142.0ms)[0m   [0;1mCREATE TABLE "images" ("id" INTEGER PRIMARY KEY AUTOINCREMENT NOT NULL, "name" varchar(255), "created_at" datetime, "updated_at" datetime, "title" varchar(255), "description" varchar(255)) [0m
  [4;35;1mSQL (0.0ms)[0m   [0m SELECT name
 FROM sqlite_master
 WHERE type = 'table' AND NOT name = 'sqlite_sequence'
[0m
  [4;36;1mSQL (113.0ms)[0m   [0;1mCREATE TABLE "posts" ("id" INTEGER PRIMARY KEY AUTOINCREMENT NOT NULL, "slug" varchar(255), "title" varchar(255), "published_at" date, "excerpt" varchar(255), "body" text, "created_at" datetime, "updated_at" datetime, "category_id" integer, "is_published" boolean DEFAULT 'f') [0m
  [4;35;1mSQL (0.0ms)[0m   [0m SELECT name
 FROM sqlite_master
 WHERE type = 'table' AND NOT name = 'sqlite_sequence'
[0m
  [4;36;1mSQL (124.0ms)[0m   [0;1mCREATE TABLE "users" ("id" INTEGER PRIMARY KEY AUTOINCREMENT NOT NULL, "username" varchar(255), "password" varchar(255), "site_url" varchar(255), "created_at" datetime, "updated_at" datetime) [0m
  [4;35;1mSQL (2.0ms)[0m   [0m SELECT name
 FROM sqlite_master
 WHERE type = 'table' AND NOT name = 'sqlite_sequence'
[0m
  [4;36;1mSQL (74.0ms)[0m   [0;1mCREATE TABLE "videos" ("id" INTEGER PRIMARY KEY AUTOINCREMENT NOT NULL, "name" varchar(255), "description" text, "created_at" datetime, "updated_at" datetime, "embed" text) [0m
  [4;35;1mSQL (0.0ms)[0m   [0m SELECT name
 FROM sqlite_master
 WHERE type = 'table' AND NOT name = 'sqlite_sequence'
[0m
  [4;36;1mSQL (153.0ms)[0m   [0;1mCREATE TABLE "schema_migrations" ("version" varchar(255) NOT NULL) [0m
  [4;35;1mSQL (0.0ms)[0m   [0mPRAGMA index_list("schema_migrations")[0m
  [4;36;1mSQL (137.0ms)[0m   [0;1mCREATE UNIQUE INDEX "unique_schema_migrations" ON "schema_migrations" ("version")[0m
  [4;35;1mSQL (1.0ms)[0m   [0m SELECT name
 FROM sqlite_master
 WHERE type = 'table' AND NOT name = 'sqlite_sequence'
[0m
  [4;36;1mSQL (0.0ms)[0m   [0;1mSELECT version FROM "schema_migrations"[0m
  [4;35;1mSQL (132.0ms)[0m   [0mINSERT INTO "schema_migrations" (version) VALUES ('20101125014925')[0m
  [4;36;1mSQL (131.0ms)[0m   [0;1mINSERT INTO "schema_migrations" (version) VALUES ('20100824005522')[0m
  [4;35;1mSQL (115.0ms)[0m   [0mINSERT INTO "schema_migrations" (version) VALUES ('20100824222907')[0m
  [4;36;1mSQL (91.0ms)[0m   [0;1mINSERT INTO "schema_migrations" (version) VALUES ('20100824225838')[0m
  [4;35;1mSQL (116.0ms)[0m   [0mINSERT INTO "schema_migrations" (version) VALUES ('20100906145820')[0m
  [4;36;1mSQL (117.0ms)[0m   [0;1mINSERT INTO "schema_migrations" (version) VALUES ('20100906150537')[0m
  [4;35;1mSQL (116.0ms)[0m   [0mINSERT INTO "schema_migrations" (version) VALUES ('20100906201402')[0m
  [4;36;1mSQL (108.0ms)[0m   [0;1mINSERT INTO "schema_migrations" (version) VALUES ('20100930003726')[0m
  [4;35;1mSQL (77.0ms)[0m   [0mINSERT INTO "schema_migrations" (version) VALUES ('20101010162254')[0m
  [4;36;1mSQL (73.0ms)[0m   [0;1mINSERT INTO "schema_migrations" (version) VALUES ('20101010183430')[0m
  [4;35;1mSQL (124.0ms)[0m   [0mINSERT INTO "schema_migrations" (version) VALUES ('20101011144222')[0m
  [4;36;1mSQL (100.0ms)[0m   [0;1mINSERT INTO "schema_migrations" (version) VALUES ('20101016000707')[0m
  [4;35;1mSQL (119.0ms)[0m   [0mINSERT INTO "schema_migrations" (version) VALUES ('20101017125804')[0m
  [4;36;1mSQL (133.0ms)[0m   [0;1mINSERT INTO "schema_migrations" (version) VALUES ('20101017232607')[0m
  [4;35;1mSQL (123.0ms)[0m   [0mINSERT INTO "schema_migrations" (version) VALUES ('20101018004801')[0m
  [4;36;1mSQL (127.0ms)[0m   [0;1mINSERT INTO "schema_migrations" (version) VALUES ('20101018234428')[0m
  [4;35;1mSQL (114.0ms)[0m   [0mINSERT INTO "schema_migrations" (version) VALUES ('20101031153712')[0m
  [4;36;1mSQL (116.0ms)[0m   [0;1mINSERT INTO "schema_migrations" (version) VALUES ('20101107213611')[0m


Processing ImagesController#index (for 127.0.0.1 at 2010-11-24 20:53:49) [GET]
  [4;36;1mImage Load (1.0ms)[0m   [0;1mSELECT * FROM "images" [0m
Rendering template within layouts/master
Rendering images/index
Completed in 31ms (View: 10, DB: 1) | 200 OK [http://127.0.0.1/images]
  [4;36;1mCategory Load (1.0ms)[0m   [0;1mSELECT * FROM "categories" [0m
  [4;36;1mCategory Load (1.0ms)[0m   [0;1mSELECT * FROM "categories" [0m


Processing PostController#show (for 127.0.0.1 at 2010-11-24 20:57:56) [GET]
  Parameters: {"slug"=>"index", "category_slug"=>"album"}
  [4;35;1mPost Load (0.0ms)[0m   [0mSELECT * FROM "posts" WHERE ("posts"."slug" = 'index') LIMIT 1[0m
Rendering template within layouts/master
Rendering post/404
Completed in 18ms (View: 9, DB: 0) | 200 OK [http://127.0.0.1/album/index]


Processing PostController#show (for 127.0.0.1 at 2010-11-24 20:58:14) [GET]
  Parameters: {"slug"=>"index", "category_slug"=>"albums"}
  [4;36;1mPost Load (0.0ms)[0m   [0;1mSELECT * FROM "posts" WHERE ("posts"."slug" = 'index') LIMIT 1[0m
Rendering template within layouts/master
Rendering post/404
Completed in 12ms (View: 4, DB: 0) | 200 OK [http://127.0.0.1/albums/index]


Processing PostController#show (for 127.0.0.1 at 2010-11-24 20:58:26) [GET]
  Parameters: {"slug"=>"new", "category_slug"=>"albums"}
  [4;35;1mPost Load (0.0ms)[0m   [0mSELECT * FROM "posts" WHERE ("posts"."slug" = 'new') LIMIT 1[0m
Rendering template within layouts/master
Rendering post/404
Completed in 73ms (View: 4, DB: 0) | 200 OK [http://127.0.0.1/albums/new]


Processing PostController#show (for 127.0.0.1 at 2010-11-24 20:58:31) [GET]
  Parameters: {"slug"=>"new", "category_slug"=>"album"}
  [4;36;1mPost Load (0.0ms)[0m   [0;1mSELECT * FROM "posts" WHERE ("posts"."slug" = 'new') LIMIT 1[0m
Rendering template within layouts/master
Rendering post/404
Completed in 12ms (View: 4, DB: 0) | 200 OK [http://127.0.0.1/album/new]
  [4;36;1mCategory Load (0.0ms)[0m   [0;1mSELECT * FROM "categories" [0m
  [4;35;1mSQL (1.0ms)[0m   [0m SELECT name
 FROM sqlite_master
 WHERE type = 'table' AND NOT name = 'sqlite_sequence'
[0m
  [4;36;1mSQL (0.0ms)[0m   [0;1mSELECT version FROM schema_migrations[0m
Migrating to CreateCategories (20100824005522)
Migrating to CreatePosts (20100824222907)
Migrating to AddCategoryId (20100824225838)
Migrating to RspectModel (20100906145820)
Migrating to CreateCategorizations (20100906150537)
Migrating to CreateUsers (20100906201402)
Migrating to AddIspublishedToPost (20100930003726)
Migrating to ChangeDefaultIsPublishedToFalse (20101010162254)
Migrating to CreateComments (20101010183430)
Migrating to AddPostIdToComment (20101011144222)
Migrating to AddEventDateToPosts (20101016000707)
Migrating to RemoveEventToPosts (20101017125804)
Migrating to CreateVideos (20101017232607)
Migrating to AddEmbedAndRemoveUrl (20101018004801)
Migrating to AddReplyToToComments (20101018234428)
Migrating to CreateImages (20101031153712)
Migrating to RemoveUrlAndThumbUrlFromImage (20101107213611)
Migrating to AddTitleAndDescriptionToImage (20101125014925)
Migrating to CreateAlbums (20101125015432)
  [4;35;1mSQL (0.0ms)[0m   [0mselect sqlite_version(*)[0m
  [4;36;1mSQL (1.0ms)[0m   [0;1mCREATE TABLE "albums" ("id" INTEGER PRIMARY KEY AUTOINCREMENT NOT NULL, "name" varchar(255), "created_at" datetime, "updated_at" datetime) [0m
  [4;35;1mSQL (0.0ms)[0m   [0mINSERT INTO schema_migrations (version) VALUES ('20101125015432')[0m
  [4;36;1mSQL (0.0ms)[0m   [0;1m SELECT name
 FROM sqlite_master
 WHERE type = 'table' AND NOT name = 'sqlite_sequence'
[0m
  [4;35;1mSQL (1.0ms)[0m   [0mSELECT version FROM schema_migrations[0m
  [4;36;1mSQL (0.0ms)[0m   [0;1m SELECT name
 FROM sqlite_master
 WHERE type = 'table' AND NOT name = 'sqlite_sequence'
[0m
  [4;35;1mSQL (0.0ms)[0m   [0mPRAGMA index_list("albums")[0m
  [4;36;1mSQL (0.0ms)[0m   [0;1mPRAGMA index_list("categories")[0m
  [4;35;1mSQL (0.0ms)[0m   [0mPRAGMA index_list("categorizations")[0m
  [4;36;1mSQL (0.0ms)[0m   [0;1mPRAGMA index_list("comments")[0m
  [4;35;1mSQL (0.0ms)[0m   [0mPRAGMA index_list("images")[0m
  [4;36;1mSQL (0.0ms)[0m   [0;1mPRAGMA index_list("posts")[0m
  [4;35;1mSQL (0.0ms)[0m   [0mPRAGMA index_list("users")[0m
  [4;36;1mSQL (0.0ms)[0m   [0;1mPRAGMA index_list("videos")[0m
  [4;36;1mCategory Load (1.0ms)[0m   [0;1mSELECT * FROM "categories" [0m
  [4;35;1mSQL (0.0ms)[0m   [0mselect sqlite_version(*)[0m
  [4;36;1mSQL (1.0ms)[0m   [0;1m SELECT name
 FROM sqlite_master
 WHERE type = 'table' AND NOT name = 'sqlite_sequence'
[0m
  [4;35;1mSQL (0.0ms)[0m   [0mSELECT version FROM schema_migrations[0m
  [4;36;1mSQL (1.0ms)[0m   [0;1m SELECT name
 FROM sqlite_master
 WHERE type = 'table' AND NOT name = 'sqlite_sequence'
[0m
  [4;35;1mSQL (0.0ms)[0m   [0mPRAGMA index_list("albums")[0m
  [4;36;1mSQL (0.0ms)[0m   [0;1mPRAGMA index_list("categories")[0m
  [4;35;1mSQL (0.0ms)[0m   [0mPRAGMA index_list("categorizations")[0m
  [4;36;1mSQL (1.0ms)[0m   [0;1mPRAGMA index_list("comments")[0m
  [4;35;1mSQL (0.0ms)[0m   [0mPRAGMA index_list("images")[0m
  [4;36;1mSQL (0.0ms)[0m   [0;1mPRAGMA index_list("posts")[0m
  [4;35;1mSQL (0.0ms)[0m   [0mPRAGMA index_list("users")[0m
  [4;36;1mSQL (0.0ms)[0m   [0;1mPRAGMA index_list("videos")[0m
  [4;35;1mSQL (0.0ms)[0m   [0mselect sqlite_version(*)[0m
  [4;36;1mSQL (0.0ms)[0m   [0;1m SELECT name
 FROM sqlite_master
 WHERE type = 'table' AND NOT name = 'sqlite_sequence'
[0m
  [4;35;1mSQL (112.0ms)[0m   [0mCREATE TABLE "albums" ("id" INTEGER PRIMARY KEY AUTOINCREMENT NOT NULL, "name" varchar(255), "created_at" datetime, "updated_at" datetime) [0m
  [4;36;1mSQL (1.0ms)[0m   [0;1m SELECT name
 FROM sqlite_master
 WHERE type = 'table' AND NOT name = 'sqlite_sequence'
[0m
  [4;35;1mSQL (61.0ms)[0m   [0mCREATE TABLE "categories" ("id" INTEGER PRIMARY KEY AUTOINCREMENT NOT NULL, "title" varchar(255), "slug" varchar(255), "created_at" datetime, "updated_at" datetime) [0m
  [4;36;1mSQL (0.0ms)[0m   [0;1m SELECT name
 FROM sqlite_master
 WHERE type = 'table' AND NOT name = 'sqlite_sequence'
[0m
  [4;35;1mSQL (76.0ms)[0m   [0mCREATE TABLE "categorizations" ("id" INTEGER PRIMARY KEY AUTOINCREMENT NOT NULL, "post_id" integer, "category_id" integer, "created_at" datetime, "updated_at" datetime) [0m
  [4;36;1mSQL (0.0ms)[0m   [0;1m SELECT name
 FROM sqlite_master
 WHERE type = 'table' AND NOT name = 'sqlite_sequence'
[0m
  [4;35;1mSQL (97.0ms)[0m   [0mCREATE TABLE "comments" ("id" INTEGER PRIMARY KEY AUTOINCREMENT NOT NULL, "user" varchar(255), "website" varchar(255), "text" text, "created_at" datetime, "updated_at" datetime, "post_id" integer, "reply_to" integer) [0m
  [4;36;1mSQL (1.0ms)[0m   [0;1m SELECT name
 FROM sqlite_master
 WHERE type = 'table' AND NOT name = 'sqlite_sequence'
[0m
  [4;35;1mSQL (90.0ms)[0m   [0mCREATE TABLE "images" ("id" INTEGER PRIMARY KEY AUTOINCREMENT NOT NULL, "name" varchar(255), "created_at" datetime, "updated_at" datetime, "title" varchar(255), "description" varchar(255)) [0m
  [4;36;1mSQL (0.0ms)[0m   [0;1m SELECT name
 FROM sqlite_master
 WHERE type = 'table' AND NOT name = 'sqlite_sequence'
[0m
  [4;35;1mSQL (99.0ms)[0m   [0mCREATE TABLE "posts" ("id" INTEGER PRIMARY KEY AUTOINCREMENT NOT NULL, "slug" varchar(255), "title" varchar(255), "published_at" date, "excerpt" varchar(255), "body" text, "created_at" datetime, "updated_at" datetime, "category_id" integer, "is_published" boolean DEFAULT 'f') [0m
  [4;36;1mSQL (0.0ms)[0m   [0;1m SELECT name
 FROM sqlite_master
 WHERE type = 'table' AND NOT name = 'sqlite_sequence'
[0m
  [4;35;1mSQL (77.0ms)[0m   [0mCREATE TABLE "users" ("id" INTEGER PRIMARY KEY AUTOINCREMENT NOT NULL, "username" varchar(255), "password" varchar(255), "site_url" varchar(255), "created_at" datetime, "updated_at" datetime) [0m
  [4;36;1mSQL (1.0ms)[0m   [0;1m SELECT name
 FROM sqlite_master
 WHERE type = 'table' AND NOT name = 'sqlite_sequence'
[0m
  [4;35;1mSQL (72.0ms)[0m   [0mCREATE TABLE "videos" ("id" INTEGER PRIMARY KEY AUTOINCREMENT NOT NULL, "name" varchar(255), "description" text, "created_at" datetime, "updated_at" datetime, "embed" text) [0m
  [4;36;1mSQL (0.0ms)[0m   [0;1m SELECT name
 FROM sqlite_master
 WHERE type = 'table' AND NOT name = 'sqlite_sequence'
[0m
  [4;35;1mSQL (100.0ms)[0m   [0mCREATE TABLE "schema_migrations" ("version" varchar(255) NOT NULL) [0m
  [4;36;1mSQL (0.0ms)[0m   [0;1mPRAGMA index_list("schema_migrations")[0m
  [4;35;1mSQL (79.0ms)[0m   [0mCREATE UNIQUE INDEX "unique_schema_migrations" ON "schema_migrations" ("version")[0m
  [4;36;1mSQL (1.0ms)[0m   [0;1m SELECT name
 FROM sqlite_master
 WHERE type = 'table' AND NOT name = 'sqlite_sequence'
[0m
  [4;35;1mSQL (0.0ms)[0m   [0mSELECT version FROM "schema_migrations"[0m
  [4;36;1mSQL (80.0ms)[0m   [0;1mINSERT INTO "schema_migrations" (version) VALUES ('20101125015432')[0m
  [4;35;1mSQL (76.0ms)[0m   [0mINSERT INTO "schema_migrations" (version) VALUES ('20100824005522')[0m
  [4;36;1mSQL (66.0ms)[0m   [0;1mINSERT INTO "schema_migrations" (version) VALUES ('20100824222907')[0m
  [4;35;1mSQL (74.0ms)[0m   [0mINSERT INTO "schema_migrations" (version) VALUES ('20100824225838')[0m
  [4;36;1mSQL (76.0ms)[0m   [0;1mINSERT INTO "schema_migrations" (version) VALUES ('20100906145820')[0m
  [4;35;1mSQL (121.0ms)[0m   [0mINSERT INTO "schema_migrations" (version) VALUES ('20100906150537')[0m
  [4;36;1mSQL (103.0ms)[0m   [0;1mINSERT INTO "schema_migrations" (version) VALUES ('20100906201402')[0m
  [4;35;1mSQL (108.0ms)[0m   [0mINSERT INTO "schema_migrations" (version) VALUES ('20100930003726')[0m
  [4;36;1mSQL (118.0ms)[0m   [0;1mINSERT INTO "schema_migrations" (version) VALUES ('20101010162254')[0m
  [4;35;1mSQL (115.0ms)[0m   [0mINSERT INTO "schema_migrations" (version) VALUES ('20101010183430')[0m
  [4;36;1mSQL (101.0ms)[0m   [0;1mINSERT INTO "schema_migrations" (version) VALUES ('20101011144222')[0m
  [4;35;1mSQL (183.0ms)[0m   [0mINSERT INTO "schema_migrations" (version) VALUES ('20101016000707')[0m
  [4;36;1mSQL (174.0ms)[0m   [0;1mINSERT INTO "schema_migrations" (version) VALUES ('20101017125804')[0m
  [4;35;1mSQL (99.0ms)[0m   [0mINSERT INTO "schema_migrations" (version) VALUES ('20101017232607')[0m
  [4;36;1mSQL (142.0ms)[0m   [0;1mINSERT INTO "schema_migrations" (version) VALUES ('20101018004801')[0m
  [4;35;1mSQL (65.0ms)[0m   [0mINSERT INTO "schema_migrations" (version) VALUES ('20101018234428')[0m
  [4;36;1mSQL (68.0ms)[0m   [0;1mINSERT INTO "schema_migrations" (version) VALUES ('20101031153712')[0m
  [4;35;1mSQL (73.0ms)[0m   [0mINSERT INTO "schema_migrations" (version) VALUES ('20101107213611')[0m
  [4;36;1mSQL (107.0ms)[0m   [0;1mINSERT INTO "schema_migrations" (version) VALUES ('20101125014925')[0m
  [4;36;1mCategory Load (0.0ms)[0m   [0;1mSELECT * FROM "categories" [0m


Processing PostController#show (for 127.0.0.1 at 2010-11-24 21:00:02) [GET]
  Parameters: {"slug"=>"new", "category_slug"=>"album"}
  [4;35;1mPost Load (0.0ms)[0m   [0mSELECT * FROM "posts" WHERE ("posts"."slug" = 'new') LIMIT 1[0m
Rendering template within layouts/master
Rendering post/404
Completed in 26ms (View: 18, DB: 0) | 200 OK [http://127.0.0.1/album/new]


Processing ImagesController#display (for 127.0.0.1 at 2010-11-24 21:00:07) [GET]
  [4;36;1mImage Load (1.0ms)[0m   [0;1mSELECT * FROM "images" [0m
Rendering template within layouts/master
Rendering images/display
Completed in 25ms (View: 14, DB: 1) | 200 OK [http://127.0.0.1/album]


Processing PostController#index (for 127.0.0.1 at 2010-11-24 21:00:11) [GET]
  Parameters: {"slug"=>"albums"}
  [4;35;1mCategory Load (0.0ms)[0m   [0mSELECT * FROM "categories" WHERE ("categories"."slug" = 'albums') LIMIT 1[0m
Rendering template within layouts/master
Rendering post/index

ActionView::TemplateError (undefined method `title' for nil:NilClass) on line #1 of app/views/post/index.html.erb:
1: <% content_for :title do %>Tous les <%= @category.title %> <% end %> 
2: <div class="middle">
3:   <% unless @posts.empty? %>
4:     <% @posts.each do |post| %>

    app/views/post/index.html.erb:1
    haml (3.0.21) rails/./lib/haml/helpers/action_view_mods.rb:92:in `capture'
    app/views/post/index.html.erb:1
    haml (3.0.21) rails/./lib/haml/helpers/action_view_mods.rb:13:in `render'
    haml (3.0.21) rails/./lib/haml/helpers/action_view_mods.rb:13:in `render'
    haml (3.0.21) rails/./lib/sass/plugin/rack.rb:41:in `call'

Rendered rescues/_trace (50.0ms)
Rendered rescues/_request_and_response (61.0ms)
Rendering rescues/layout (internal_server_error)


Processing PostController#index (for 127.0.0.1 at 2010-11-24 21:00:22) [GET]
  Parameters: {"slug"=>"albumssdf"}
  [4;36;1mCategory Load (0.0ms)[0m   [0;1mSELECT * FROM "categories" WHERE ("categories"."slug" = 'albumssdf') LIMIT 1[0m
Rendering template within layouts/master
Rendering post/index

ActionView::TemplateError (undefined method `title' for nil:NilClass) on line #1 of app/views/post/index.html.erb:
1: <% content_for :title do %>Tous les <%= @category.title %> <% end %> 
2: <div class="middle">
3:   <% unless @posts.empty? %>
4:     <% @posts.each do |post| %>

    app/views/post/index.html.erb:1
    haml (3.0.21) rails/./lib/haml/helpers/action_view_mods.rb:92:in `capture'
    app/views/post/index.html.erb:1
    haml (3.0.21) rails/./lib/haml/helpers/action_view_mods.rb:13:in `render'
    haml (3.0.21) rails/./lib/haml/helpers/action_view_mods.rb:13:in `render'
    haml (3.0.21) rails/./lib/sass/plugin/rack.rb:41:in `call'

Rendered rescues/_trace (48.0ms)
Rendered rescues/_request_and_response (1.0ms)
Rendering rescues/layout (internal_server_error)


Processing PostController#show (for 127.0.0.1 at 2010-11-24 21:00:30) [GET]
  Parameters: {"slug"=>"new", "category_slug"=>"albums"}
  [4;35;1mPost Load (1.0ms)[0m   [0mSELECT * FROM "posts" WHERE ("posts"."slug" = 'new') LIMIT 1[0m
Rendering template within layouts/master
Rendering post/404
Completed in 11ms (View: 3, DB: 1) | 200 OK [http://127.0.0.1/albums/new]


Processing PostController#show (for 127.0.0.1 at 2010-11-24 21:00:36) [GET]
  Parameters: {"slug"=>"new", "category_slug"=>"album"}
  [4;36;1mPost Load (0.0ms)[0m   [0;1mSELECT * FROM "posts" WHERE ("posts"."slug" = 'new') LIMIT 1[0m
Rendering template within layouts/master
Rendering post/404
Completed in 12ms (View: 4, DB: 0) | 200 OK [http://127.0.0.1/album/new]


Processing ApplicationController#new (for 127.0.0.1 at 2010-11-24 21:01:57) [GET]

NameError (uninitialized constant AlbumController):
  C:/Ruby/lib/ruby/gems/1.8/gems/aws-s3-0.6.2/lib/aws/s3/extensions.rb:206:in `const_missing'
  haml (3.0.21) rails/./lib/sass/plugin/rack.rb:41:in `call'

Rendered rescues/_trace (29.0ms)
Rendered rescues/_request_and_response (0.0ms)
Rendering rescues/layout (internal_server_error)


Processing ApplicationController#index (for 127.0.0.1 at 2010-11-24 21:01:59) [GET]

NameError (uninitialized constant AlbumController):
  C:/Ruby/lib/ruby/gems/1.8/gems/aws-s3-0.6.2/lib/aws/s3/extensions.rb:206:in `const_missing'
  haml (3.0.21) rails/./lib/sass/plugin/rack.rb:41:in `call'

Rendered rescues/_trace (29.0ms)
Rendered rescues/_request_and_response (1.0ms)
Rendering rescues/layout (internal_server_error)


Processing AlbumsController#index (for 127.0.0.1 at 2010-11-24 21:02:11) [GET]
  [4;35;1mAlbum Load (0.0ms)[0m   [0mSELECT * FROM "albums" [0m
Rendering template within layouts/albums
Rendering albums/index

ActionView::TemplateError (undefined local variable or method `new_album_path' for #<ActionView::Base:0x8d17c2c>) on line #20 of app/views/albums/index.html.erb:
17: 
18: <br />
19: 
20: <%= link_to 'New album', new_album_path %>

    app/views/albums/index.html.erb:20
    haml (3.0.21) rails/./lib/haml/helpers/action_view_mods.rb:13:in `render'
    haml (3.0.21) rails/./lib/haml/helpers/action_view_mods.rb:13:in `render'
    app/controllers/albums_controller.rb:7:in `index'
    haml (3.0.21) rails/./lib/sass/plugin/rack.rb:41:in `call'

Rendered rescues/_trace (48.0ms)
Rendered rescues/_request_and_response (1.0ms)
Rendering rescues/layout (internal_server_error)


Processing AlbumsController#index (for 127.0.0.1 at 2010-11-24 21:02:16) [GET]
  [4;36;1mAlbum Load (1.0ms)[0m   [0;1mSELECT * FROM "albums" [0m
Rendering template within layouts/albums
Rendering albums/index

ActionView::TemplateError (undefined local variable or method `new_album_path' for #<ActionView::Base:0x8fed49c>) on line #20 of app/views/albums/index.html.erb:
17: 
18: <br />
19: 
20: <%= link_to 'New album', new_album_path %>

    app/views/albums/index.html.erb:20
    haml (3.0.21) rails/./lib/haml/helpers/action_view_mods.rb:13:in `render'
    haml (3.0.21) rails/./lib/haml/helpers/action_view_mods.rb:13:in `render'
    app/controllers/albums_controller.rb:7:in `index'
    haml (3.0.21) rails/./lib/sass/plugin/rack.rb:41:in `call'

Rendered rescues/_trace (111.0ms)
Rendered rescues/_request_and_response (0.0ms)
Rendering rescues/layout (internal_server_error)


Processing AlbumsController#index (for 127.0.0.1 at 2010-11-24 21:02:51) [GET]
  [4;35;1mAlbum Load (1.0ms)[0m   [0mSELECT * FROM "albums" [0m
Rendering template within layouts/albums
Rendering albums/index

ActionView::TemplateError (undefined local variable or method `new_albums_path' for #<ActionView::Base:0x9223e3c>) on line #20 of app/views/albums/index.html.erb:
17: 
18: <br />
19: 
20: <%= link_to 'New album', new_albums_path %>

    app/views/albums/index.html.erb:20
    haml (3.0.21) rails/./lib/haml/helpers/action_view_mods.rb:13:in `render'
    haml (3.0.21) rails/./lib/haml/helpers/action_view_mods.rb:13:in `render'
    app/controllers/albums_controller.rb:7:in `index'
    haml (3.0.21) rails/./lib/sass/plugin/rack.rb:41:in `call'

Rendered rescues/_trace (48.0ms)
Rendered rescues/_request_and_response (0.0ms)
Rendering rescues/layout (internal_server_error)


Processing AlbumsController#index (for 127.0.0.1 at 2010-11-24 21:03:11) [GET]
  [4;36;1mAlbum Load (1.0ms)[0m   [0;1mSELECT * FROM "albums" [0m
Rendering template within layouts/albums
Rendering albums/index

ActionView::TemplateError (undefined local variable or method `new_album_path' for #<ActionView::Base:0x8f110b4>) on line #20 of app/views/albums/index.html.erb:
17: 
18: <br />
19: 
20: <%= link_to 'New album', new_album_path %>

    app/views/albums/index.html.erb:20
    haml (3.0.21) rails/./lib/haml/helpers/action_view_mods.rb:13:in `render'
    haml (3.0.21) rails/./lib/haml/helpers/action_view_mods.rb:13:in `render'
    app/controllers/albums_controller.rb:7:in `index'
    haml (3.0.21) rails/./lib/sass/plugin/rack.rb:41:in `call'

Rendered rescues/_trace (115.0ms)
Rendered rescues/_request_and_response (1.0ms)
Rendering rescues/layout (internal_server_error)


Processing AlbumsController#index (for 127.0.0.1 at 2010-11-24 21:03:25) [GET]
  [4;35;1mAlbum Load (0.0ms)[0m   [0mSELECT * FROM "albums" [0m
Rendering template within layouts/albums
Rendering albums/index
Completed in 13ms (View: 7, DB: 0) | 200 OK [http://127.0.0.1/albums]


Processing AlbumsController#new (for 127.0.0.1 at 2010-11-24 21:03:29) [GET]
Rendering template within layouts/albums
Rendering albums/new
Completed in 16ms (View: 10, DB: 0) | 200 OK [http://127.0.0.1/albums/new]


Processing AlbumsController#index (for 127.0.0.1 at 2010-11-24 21:03:31) [GET]
  [4;36;1mAlbum Load (0.0ms)[0m   [0;1mSELECT * FROM "albums" [0m
Rendering template within layouts/albums
Rendering albums/index
Completed in 8ms (View: 2, DB: 0) | 200 OK [http://127.0.0.1/albums]


Processing AlbumsController#new (for 127.0.0.1 at 2010-11-24 21:03:32) [GET]
Rendering template within layouts/albums
Rendering albums/new
Completed in 12ms (View: 7, DB: 0) | 200 OK [http://127.0.0.1/albums/new]


Processing AlbumsController#index (for 127.0.0.1 at 2010-11-24 21:03:34) [GET]
  [4;35;1mAlbum Load (1.0ms)[0m   [0mSELECT * FROM "albums" [0m
Rendering template within layouts/albums
Rendering albums/index
Completed in 8ms (View: 2, DB: 1) | 200 OK [http://127.0.0.1/albums]


Processing AlbumsController#index (for 127.0.0.1 at 2010-11-24 21:04:10) [GET]
  [4;36;1mAlbum Load (1.0ms)[0m   [0;1mSELECT * FROM "albums" [0m
Rendering template within layouts/master
Rendering albums/index
Completed in 11ms (View: 5, DB: 1) | 200 OK [http://127.0.0.1/albums]


Processing AlbumsController#new (for 127.0.0.1 at 2010-11-24 21:04:14) [GET]
Rendering template within layouts/master
Rendering albums/new
Completed in 14ms (View: 9, DB: 0) | 200 OK [http://127.0.0.1/albums/new]


Processing AlbumsController#index (for 127.0.0.1 at 2010-11-24 21:04:15) [GET]
  [4;35;1mAlbum Load (0.0ms)[0m   [0mSELECT * FROM "albums" [0m
Rendering template within layouts/master
Rendering albums/index
Completed in 9ms (View: 3, DB: 0) | 200 OK [http://127.0.0.1/albums]


Processing ImagesController#display (for 127.0.0.1 at 2010-11-24 21:04:26) [GET]
  [4;36;1mImage Load (1.0ms)[0m   [0;1mSELECT * FROM "images" [0m
Rendering template within layouts/master
Rendering images/display
Completed in 17ms (View: 6, DB: 1) | 200 OK [http://127.0.0.1/album]


Processing HomeController#index (for 127.0.0.1 at 2010-11-24 21:05:38) [GET]
  [4;35;1mVideo Load (0.0ms)[0m   [0mSELECT * FROM "videos" ORDER BY created_at DESC[0m
  [4;36;1mImage Load (0.0ms)[0m   [0;1mSELECT * FROM "images" ORDER BY created_at DESC[0m
  [4;35;1mCategory Load (1.0ms)[0m   [0mSELECT * FROM "categories" [0m
  [4;36;1mPost Load (0.0ms)[0m   [0;1mSELECT * FROM "posts" ORDER BY published_at DESC LIMIT 5 OFFSET 0[0m
  [4;35;1mSQL (0.0ms)[0m   [0mSELECT count(*) AS count_all FROM "posts" [0m
Rendering template within layouts/master
Rendering home/index
  [4;36;1mSQL (0.0ms)[0m   [0;1mSELECT count(*) AS count_all FROM "comments" WHERE ("comments".post_id = 10) [0m
  [4;35;1mCACHE (0.0ms)[0m   [0mSELECT count(*) AS count_all FROM "comments" WHERE ("comments".post_id = 10) [0m
  [4;36;1mSQL (0.0ms)[0m   [0;1mSELECT count(*) AS count_all FROM "comments" WHERE ("comments".post_id = 9) [0m
  [4;35;1mSQL (0.0ms)[0m   [0mSELECT count(*) AS count_all FROM "comments" WHERE ("comments".post_id = 8) [0m
  [4;36;1mSQL (0.0ms)[0m   [0;1mSELECT count(*) AS count_all FROM "comments" WHERE ("comments".post_id = 7) [0m
  [4;35;1mCACHE (0.0ms)[0m   [0mSELECT count(*) AS count_all FROM "comments" WHERE ("comments".post_id = 7) [0m
  [4;36;1mSQL (1.0ms)[0m   [0;1mSELECT count(*) AS count_all FROM "comments" WHERE ("comments".post_id = 6) [0m
  [4;35;1mCACHE (0.0ms)[0m   [0mSELECT count(*) AS count_all FROM "comments" WHERE ("comments".post_id = 6) [0m

ActionView::TemplateError (undefined local variable or method `album_path' for #<ActionView::Base:0x8e324cc>) on line #21 of app/views/layouts/master.html.erb:
18:           <ul>
19:             <li><% link_to category_path(:slug => 'entrainements') do %><span>Entrainements</span><% end  %></li>
20:             <li><% link_to :controller => 'videos', :action => 'list' do %><span>Vidéos</span><% end %></li>
21:             <li><% link_to album_path do %><span>Photos</span><% end %></li>
22:             <li><% link_to resume_path do %><span>Qui sommes-nous</span><% end %></li>
23:           </ul>
24:           <div class="clear"></div>

    app/views/layouts/master.html.erb:21
    haml (3.0.21) rails/./lib/haml/helpers/action_view_mods.rb:13:in `render'
    haml (3.0.21) rails/./lib/haml/helpers/action_view_mods.rb:13:in `render'
    haml (3.0.21) rails/./lib/sass/plugin/rack.rb:41:in `call'

Rendered rescues/_trace (43.0ms)
Rendered rescues/_request_and_response (0.0ms)
Rendering rescues/layout (internal_server_error)


Processing HomeController#index (for 127.0.0.1 at 2010-11-24 21:06:16) [GET]
  [4;36;1mVideo Load (1.0ms)[0m   [0;1mSELECT * FROM "videos" ORDER BY created_at DESC[0m
  [4;35;1mImage Load (1.0ms)[0m   [0mSELECT * FROM "images" ORDER BY created_at DESC[0m
  [4;36;1mCategory Load (1.0ms)[0m   [0;1mSELECT * FROM "categories" [0m
  [4;35;1mPost Load (0.0ms)[0m   [0mSELECT * FROM "posts" ORDER BY published_at DESC LIMIT 5 OFFSET 0[0m
  [4;36;1mSQL (0.0ms)[0m   [0;1mSELECT count(*) AS count_all FROM "posts" [0m
Rendering template within layouts/master
Rendering home/index
  [4;35;1mSQL (0.0ms)[0m   [0mSELECT count(*) AS count_all FROM "comments" WHERE ("comments".post_id = 10) [0m
  [4;36;1mCACHE (0.0ms)[0m   [0;1mSELECT count(*) AS count_all FROM "comments" WHERE ("comments".post_id = 10) [0m
  [4;35;1mSQL (0.0ms)[0m   [0mSELECT count(*) AS count_all FROM "comments" WHERE ("comments".post_id = 9) [0m
  [4;36;1mSQL (0.0ms)[0m   [0;1mSELECT count(*) AS count_all FROM "comments" WHERE ("comments".post_id = 8) [0m
  [4;35;1mSQL (0.0ms)[0m   [0mSELECT count(*) AS count_all FROM "comments" WHERE ("comments".post_id = 7) [0m
  [4;36;1mCACHE (0.0ms)[0m   [0;1mSELECT count(*) AS count_all FROM "comments" WHERE ("comments".post_id = 7) [0m
  [4;35;1mSQL (0.0ms)[0m   [0mSELECT count(*) AS count_all FROM "comments" WHERE ("comments".post_id = 6) [0m
  [4;36;1mCACHE (0.0ms)[0m   [0;1mSELECT count(*) AS count_all FROM "comments" WHERE ("comments".post_id = 6) [0m

ActionView::TemplateError (undefined local variable or method `display_albums_path' for #<ActionView::Base:0x8fe6124>) on line #21 of app/views/layouts/master.html.erb:
18:           <ul>
19:             <li><% link_to category_path(:slug => 'entrainements') do %><span>Entrainements</span><% end  %></li>
20:             <li><% link_to :controller => 'videos', :action => 'list' do %><span>Vidéos</span><% end %></li>
21:             <li><% link_to display_albums_path do %><span>Photos</span><% end %></li>
22:             <li><% link_to resume_path do %><span>Qui sommes-nous</span><% end %></li>
23:           </ul>
24:           <div class="clear"></div>

    app/views/layouts/master.html.erb:21
    haml (3.0.21) rails/./lib/haml/helpers/action_view_mods.rb:13:in `render'
    haml (3.0.21) rails/./lib/haml/helpers/action_view_mods.rb:13:in `render'
    haml (3.0.21) rails/./lib/sass/plugin/rack.rb:41:in `call'

Rendered rescues/_trace (106.0ms)
Rendered rescues/_request_and_response (0.0ms)
Rendering rescues/layout (internal_server_error)


Processing HomeController#index (for 127.0.0.1 at 2010-11-24 21:06:20) [GET]
  [4;35;1mVideo Load (1.0ms)[0m   [0mSELECT * FROM "videos" ORDER BY created_at DESC[0m
  [4;36;1mImage Load (0.0ms)[0m   [0;1mSELECT * FROM "images" ORDER BY created_at DESC[0m
  [4;35;1mCategory Load (1.0ms)[0m   [0mSELECT * FROM "categories" [0m
  [4;36;1mPost Load (0.0ms)[0m   [0;1mSELECT * FROM "posts" ORDER BY published_at DESC LIMIT 5 OFFSET 0[0m
  [4;35;1mSQL (0.0ms)[0m   [0mSELECT count(*) AS count_all FROM "posts" [0m
Rendering template within layouts/master
Rendering home/index
  [4;36;1mSQL (0.0ms)[0m   [0;1mSELECT count(*) AS count_all FROM "comments" WHERE ("comments".post_id = 10) [0m
  [4;35;1mCACHE (0.0ms)[0m   [0mSELECT count(*) AS count_all FROM "comments" WHERE ("comments".post_id = 10) [0m
  [4;36;1mSQL (0.0ms)[0m   [0;1mSELECT count(*) AS count_all FROM "comments" WHERE ("comments".post_id = 9) [0m
  [4;35;1mSQL (0.0ms)[0m   [0mSELECT count(*) AS count_all FROM "comments" WHERE ("comments".post_id = 8) [0m
  [4;36;1mSQL (0.0ms)[0m   [0;1mSELECT count(*) AS count_all FROM "comments" WHERE ("comments".post_id = 7) [0m
  [4;35;1mCACHE (0.0ms)[0m   [0mSELECT count(*) AS count_all FROM "comments" WHERE ("comments".post_id = 7) [0m
  [4;36;1mSQL (1.0ms)[0m   [0;1mSELECT count(*) AS count_all FROM "comments" WHERE ("comments".post_id = 6) [0m
  [4;35;1mCACHE (0.0ms)[0m   [0mSELECT count(*) AS count_all FROM "comments" WHERE ("comments".post_id = 6) [0m

ActionView::TemplateError (undefined local variable or method `display_album_path' for #<ActionView::Base:0x91ee0d4>) on line #21 of app/views/layouts/master.html.erb:
18:           <ul>
19:             <li><% link_to category_path(:slug => 'entrainements') do %><span>Entrainements</span><% end  %></li>
20:             <li><% link_to :controller => 'videos', :action => 'list' do %><span>Vidéos</span><% end %></li>
21:             <li><% link_to display_album_path do %><span>Photos</span><% end %></li>
22:             <li><% link_to resume_path do %><span>Qui sommes-nous</span><% end %></li>
23:           </ul>
24:           <div class="clear"></div>

    app/views/layouts/master.html.erb:21
    haml (3.0.21) rails/./lib/haml/helpers/action_view_mods.rb:13:in `render'
    haml (3.0.21) rails/./lib/haml/helpers/action_view_mods.rb:13:in `render'
    haml (3.0.21) rails/./lib/sass/plugin/rack.rb:41:in `call'

Rendered rescues/_trace (44.0ms)
Rendered rescues/_request_and_response (1.0ms)
Rendering rescues/layout (internal_server_error)


Processing ApplicationController#index (for 127.0.0.1 at 2010-11-24 21:07:21) [GET]

ActionController::RoutingError (No route matches "/" with {:method=>:get}):
  haml (3.0.21) rails/./lib/sass/plugin/rack.rb:41:in `call'

Rendering rescues/layout (not_found)


Processing ApplicationController#index (for 127.0.0.1 at 2010-11-24 21:07:31) [GET]

ActionController::RoutingError (No route matches "/" with {:method=>:get}):
  haml (3.0.21) rails/./lib/sass/plugin/rack.rb:41:in `call'

Rendering rescues/layout (not_found)


Processing HomeController#index (for 127.0.0.1 at 2010-11-24 21:08:20) [GET]
  [4;36;1mVideo Load (0.0ms)[0m   [0;1mSELECT * FROM "videos" ORDER BY created_at DESC[0m
  [4;35;1mImage Load (0.0ms)[0m   [0mSELECT * FROM "images" ORDER BY created_at DESC[0m
  [4;36;1mCategory Load (0.0ms)[0m   [0;1mSELECT * FROM "categories" [0m
  [4;35;1mPost Load (1.0ms)[0m   [0mSELECT * FROM "posts" ORDER BY published_at DESC LIMIT 5 OFFSET 0[0m
  [4;36;1mSQL (0.0ms)[0m   [0;1mSELECT count(*) AS count_all FROM "posts" [0m
Rendering template within layouts/master
Rendering home/index
  [4;35;1mSQL (0.0ms)[0m   [0mSELECT count(*) AS count_all FROM "comments" WHERE ("comments".post_id = 10) [0m
  [4;36;1mCACHE (0.0ms)[0m   [0;1mSELECT count(*) AS count_all FROM "comments" WHERE ("comments".post_id = 10) [0m
  [4;35;1mSQL (0.0ms)[0m   [0mSELECT count(*) AS count_all FROM "comments" WHERE ("comments".post_id = 9) [0m
  [4;36;1mSQL (0.0ms)[0m   [0;1mSELECT count(*) AS count_all FROM "comments" WHERE ("comments".post_id = 8) [0m
  [4;35;1mSQL (0.0ms)[0m   [0mSELECT count(*) AS count_all FROM "comments" WHERE ("comments".post_id = 7) [0m
  [4;36;1mCACHE (0.0ms)[0m   [0;1mSELECT count(*) AS count_all FROM "comments" WHERE ("comments".post_id = 7) [0m
  [4;35;1mSQL (0.0ms)[0m   [0mSELECT count(*) AS count_all FROM "comments" WHERE ("comments".post_id = 6) [0m
  [4;36;1mCACHE (0.0ms)[0m   [0;1mSELECT count(*) AS count_all FROM "comments" WHERE ("comments".post_id = 6) [0m

ActionView::TemplateError (undefined local variable or method `display_album_path' for #<ActionView::Base:0x8fb37c4>) on line #21 of app/views/layouts/master.html.erb:
18:           <ul>
19:             <li><% link_to category_path(:slug => 'entrainements') do %><span>Entrainements</span><% end  %></li>
20:             <li><% link_to :controller => 'videos', :action => 'list' do %><span>Vidéos</span><% end %></li>
21:             <li><% link_to display_album_path do %><span>Photos</span><% end %></li>
22:             <li><% link_to resume_path do %><span>Qui sommes-nous</span><% end %></li>
23:           </ul>
24:           <div class="clear"></div>

    app/views/layouts/master.html.erb:21
    haml (3.0.21) rails/./lib/haml/helpers/action_view_mods.rb:13:in `render'
    haml (3.0.21) rails/./lib/haml/helpers/action_view_mods.rb:13:in `render'
    haml (3.0.21) rails/./lib/sass/plugin/rack.rb:41:in `call'

Rendered rescues/_trace (105.0ms)
Rendered rescues/_request_and_response (0.0ms)
Rendering rescues/layout (internal_server_error)


Processing HomeController#index (for 127.0.0.1 at 2010-11-24 21:08:59) [GET]
  [4;35;1mVideo Load (1.0ms)[0m   [0mSELECT * FROM "videos" ORDER BY created_at DESC[0m
  [4;36;1mImage Load (1.0ms)[0m   [0;1mSELECT * FROM "images" ORDER BY created_at DESC[0m
  [4;35;1mCategory Load (0.0ms)[0m   [0mSELECT * FROM "categories" [0m
  [4;36;1mPost Load (1.0ms)[0m   [0;1mSELECT * FROM "posts" ORDER BY published_at DESC LIMIT 5 OFFSET 0[0m
  [4;35;1mSQL (0.0ms)[0m   [0mSELECT count(*) AS count_all FROM "posts" [0m
Rendering template within layouts/master
Rendering home/index
  [4;36;1mSQL (0.0ms)[0m   [0;1mSELECT count(*) AS count_all FROM "comments" WHERE ("comments".post_id = 10) [0m
  [4;35;1mCACHE (0.0ms)[0m   [0mSELECT count(*) AS count_all FROM "comments" WHERE ("comments".post_id = 10) [0m
  [4;36;1mSQL (0.0ms)[0m   [0;1mSELECT count(*) AS count_all FROM "comments" WHERE ("comments".post_id = 9) [0m
  [4;35;1mSQL (0.0ms)[0m   [0mSELECT count(*) AS count_all FROM "comments" WHERE ("comments".post_id = 8) [0m
  [4;36;1mSQL (1.0ms)[0m   [0;1mSELECT count(*) AS count_all FROM "comments" WHERE ("comments".post_id = 7) [0m
  [4;35;1mCACHE (0.0ms)[0m   [0mSELECT count(*) AS count_all FROM "comments" WHERE ("comments".post_id = 7) [0m
  [4;36;1mSQL (0.0ms)[0m   [0;1mSELECT count(*) AS count_all FROM "comments" WHERE ("comments".post_id = 6) [0m
  [4;35;1mCACHE (0.0ms)[0m   [0mSELECT count(*) AS count_all FROM "comments" WHERE ("comments".post_id = 6) [0m
Completed in 50ms (View: 20, DB: 4) | 200 OK [http://127.0.0.1/]


Processing AlbumsController#display (for 127.0.0.1 at 2010-11-24 21:09:03) [GET]
  [4;36;1mImage Load (0.0ms)[0m   [0;1mSELECT * FROM "images" [0m

ActionView::MissingTemplate (Missing template albums/display.erb in view path app/views):
  haml (3.0.21) rails/./lib/sass/plugin/rack.rb:41:in `call'

Rendering rescues/layout (internal_server_error)


Processing AlbumsController#display (for 127.0.0.1 at 2010-11-24 21:09:29) [GET]
  [4;35;1mImage Load (1.0ms)[0m   [0mSELECT * FROM "images" [0m
Rendering template within layouts/master
Rendering albums/display
Completed in 25ms (View: 12, DB: 1) | 200 OK [http://127.0.0.1/albums/display/]
  [4;36;1mCategory Load (1.0ms)[0m   [0;1mSELECT * FROM "categories" [0m
  [4;35;1mSQL (1.0ms)[0m   [0m SELECT name
 FROM sqlite_master
 WHERE type = 'table' AND NOT name = 'sqlite_sequence'
[0m
  [4;36;1mSQL (0.0ms)[0m   [0;1mSELECT version FROM schema_migrations[0m
Migrating to CreateCategories (20100824005522)
Migrating to CreatePosts (20100824222907)
Migrating to AddCategoryId (20100824225838)
Migrating to RspectModel (20100906145820)
Migrating to CreateCategorizations (20100906150537)
Migrating to CreateUsers (20100906201402)
Migrating to AddIspublishedToPost (20100930003726)
Migrating to ChangeDefaultIsPublishedToFalse (20101010162254)
Migrating to CreateComments (20101010183430)
Migrating to AddPostIdToComment (20101011144222)
Migrating to AddEventDateToPosts (20101016000707)
Migrating to RemoveEventToPosts (20101017125804)
Migrating to CreateVideos (20101017232607)
Migrating to AddEmbedAndRemoveUrl (20101018004801)
Migrating to AddReplyToToComments (20101018234428)
Migrating to CreateImages (20101031153712)
Migrating to RemoveUrlAndThumbUrlFromImage (20101107213611)
Migrating to AddTitleAndDescriptionToImage (20101125014925)
Migrating to CreateAlbums (20101125015432)
  [4;35;1mSQL (0.0ms)[0m   [0mselect sqlite_version(*)[0m
  [4;36;1mSQL (0.0ms)[0m   [0;1m SELECT name
 FROM sqlite_master
 WHERE type = 'table' AND NOT name = 'sqlite_sequence'
[0m
  [4;35;1mSQL (0.0ms)[0m   [0mSELECT version FROM schema_migrations[0m
  [4;36;1mSQL (0.0ms)[0m   [0;1m SELECT name
 FROM sqlite_master
 WHERE type = 'table' AND NOT name = 'sqlite_sequence'
[0m
  [4;35;1mSQL (0.0ms)[0m   [0mPRAGMA index_list("albums")[0m
  [4;36;1mSQL (0.0ms)[0m   [0;1mPRAGMA index_list("categories")[0m
  [4;35;1mSQL (0.0ms)[0m   [0mPRAGMA index_list("categorizations")[0m
  [4;36;1mSQL (0.0ms)[0m   [0;1mPRAGMA index_list("comments")[0m
  [4;35;1mSQL (0.0ms)[0m   [0mPRAGMA index_list("images")[0m
  [4;36;1mSQL (0.0ms)[0m   [0;1mPRAGMA index_list("posts")[0m
  [4;35;1mSQL (0.0ms)[0m   [0mPRAGMA index_list("users")[0m
  [4;36;1mSQL (0.0ms)[0m   [0;1mPRAGMA index_list("videos")[0m


Processing AlbumsController#display (for 127.0.0.1 at 2010-11-24 21:21:50) [GET]
  [4;36;1mAlbum Load (1.0ms)[0m   [0;1mSELECT * FROM "albums" [0m
Rendering template within layouts/master
Rendering albums/display
Completed in 17ms (View: 10, DB: 1) | 200 OK [http://127.0.0.1/albums/display/]


Processing AlbumsController#index (for 127.0.0.1 at 2010-11-24 21:26:27) [GET]
  [4;35;1mAlbum Load (0.0ms)[0m   [0mSELECT * FROM "albums" [0m
Rendering template within layouts/master
Rendering albums/index
Completed in 10ms (View: 3, DB: 0) | 200 OK [http://127.0.0.1/albums/]


Processing AlbumsController#new (for 127.0.0.1 at 2010-11-24 21:26:29) [GET]
  [4;36;1mImage Load (0.0ms)[0m   [0;1mSQLite3::SQLException: no such column: images.album_id: SELECT * FROM "images" WHERE ("images"."album_id" IS NULL) [0m

ActiveRecord::StatementInvalid (SQLite3::SQLException: no such column: images.album_id: SELECT * FROM "images" WHERE ("images"."album_id" IS NULL) ):
  app/controllers/albums_controller.rb:29:in `new'
  haml (3.0.21) rails/./lib/sass/plugin/rack.rb:41:in `call'

Rendered rescues/_trace (42.0ms)
Rendered rescues/_request_and_response (0.0ms)
Rendering rescues/layout (internal_server_error)
  [4;36;1mCategory Load (1.0ms)[0m   [0;1mSELECT * FROM "categories" [0m
  [4;36;1mCategory Load (0.0ms)[0m   [0;1mSELECT * FROM "categories" [0m
  [4;35;1mSQL (0.0ms)[0m   [0m SELECT name
 FROM sqlite_master
 WHERE type = 'table' AND NOT name = 'sqlite_sequence'
[0m
  [4;36;1mSQL (0.0ms)[0m   [0;1mSELECT version FROM schema_migrations[0m
Migrating to CreateCategories (20100824005522)
Migrating to CreatePosts (20100824222907)
Migrating to AddCategoryId (20100824225838)
Migrating to RspectModel (20100906145820)
Migrating to CreateCategorizations (20100906150537)
Migrating to CreateUsers (20100906201402)
Migrating to AddIspublishedToPost (20100930003726)
Migrating to ChangeDefaultIsPublishedToFalse (20101010162254)
Migrating to CreateComments (20101010183430)
Migrating to AddPostIdToComment (20101011144222)
Migrating to AddEventDateToPosts (20101016000707)
Migrating to RemoveEventToPosts (20101017125804)
Migrating to CreateVideos (20101017232607)
Migrating to AddEmbedAndRemoveUrl (20101018004801)
Migrating to AddReplyToToComments (20101018234428)
Migrating to CreateImages (20101031153712)
Migrating to RemoveUrlAndThumbUrlFromImage (20101107213611)
Migrating to AddTitleAndDescriptionToImage (20101125014925)
Migrating to CreateAlbums (20101125015432)
Migrating to AddAlbumIdToImage (20101125022849)
  [4;35;1mSQL (0.0ms)[0m   [0mselect sqlite_version(*)[0m
  [4;36;1mSQL (1.0ms)[0m   [0;1mALTER TABLE "images" ADD "album_id" integer[0m
  [4;35;1mSQL (0.0ms)[0m   [0mINSERT INTO schema_migrations (version) VALUES ('20101125022849')[0m
  [4;36;1mSQL (0.0ms)[0m   [0;1m SELECT name
 FROM sqlite_master
 WHERE type = 'table' AND NOT name = 'sqlite_sequence'
[0m
  [4;35;1mSQL (0.0ms)[0m   [0mSELECT version FROM schema_migrations[0m
  [4;36;1mSQL (1.0ms)[0m   [0;1m SELECT name
 FROM sqlite_master
 WHERE type = 'table' AND NOT name = 'sqlite_sequence'
[0m
  [4;35;1mSQL (0.0ms)[0m   [0mPRAGMA index_list("albums")[0m
  [4;36;1mSQL (0.0ms)[0m   [0;1mPRAGMA index_list("categories")[0m
  [4;35;1mSQL (0.0ms)[0m   [0mPRAGMA index_list("categorizations")[0m
  [4;36;1mSQL (0.0ms)[0m   [0;1mPRAGMA index_list("comments")[0m
  [4;35;1mSQL (0.0ms)[0m   [0mPRAGMA index_list("images")[0m
  [4;36;1mSQL (0.0ms)[0m   [0;1mPRAGMA index_list("posts")[0m
  [4;35;1mSQL (0.0ms)[0m   [0mPRAGMA index_list("users")[0m
  [4;36;1mSQL (0.0ms)[0m   [0;1mPRAGMA index_list("videos")[0m
  [4;36;1mCategory Load (1.0ms)[0m   [0;1mSELECT * FROM "categories" [0m
  [4;35;1mSQL (0.0ms)[0m   [0mselect sqlite_version(*)[0m
  [4;36;1mSQL (0.0ms)[0m   [0;1m SELECT name
 FROM sqlite_master
 WHERE type = 'table' AND NOT name = 'sqlite_sequence'
[0m
  [4;35;1mSQL (0.0ms)[0m   [0mSELECT version FROM schema_migrations[0m
  [4;36;1mSQL (1.0ms)[0m   [0;1m SELECT name
 FROM sqlite_master
 WHERE type = 'table' AND NOT name = 'sqlite_sequence'
[0m
  [4;35;1mSQL (0.0ms)[0m   [0mPRAGMA index_list("albums")[0m
  [4;36;1mSQL (0.0ms)[0m   [0;1mPRAGMA index_list("categories")[0m
  [4;35;1mSQL (0.0ms)[0m   [0mPRAGMA index_list("categorizations")[0m
  [4;36;1mSQL (0.0ms)[0m   [0;1mPRAGMA index_list("comments")[0m
  [4;35;1mSQL (0.0ms)[0m   [0mPRAGMA index_list("images")[0m
  [4;36;1mSQL (0.0ms)[0m   [0;1mPRAGMA index_list("posts")[0m
  [4;35;1mSQL (0.0ms)[0m   [0mPRAGMA index_list("users")[0m
  [4;36;1mSQL (0.0ms)[0m   [0;1mPRAGMA index_list("videos")[0m
  [4;35;1mSQL (0.0ms)[0m   [0mselect sqlite_version(*)[0m
  [4;36;1mSQL (0.0ms)[0m   [0;1m SELECT name
 FROM sqlite_master
 WHERE type = 'table' AND NOT name = 'sqlite_sequence'
[0m
  [4;35;1mSQL (60.0ms)[0m   [0mCREATE TABLE "albums" ("id" INTEGER PRIMARY KEY AUTOINCREMENT NOT NULL, "name" varchar(255), "created_at" datetime, "updated_at" datetime) [0m
  [4;36;1mSQL (0.0ms)[0m   [0;1m SELECT name
 FROM sqlite_master
 WHERE type = 'table' AND NOT name = 'sqlite_sequence'
[0m
  [4;35;1mSQL (57.0ms)[0m   [0mCREATE TABLE "categories" ("id" INTEGER PRIMARY KEY AUTOINCREMENT NOT NULL, "title" varchar(255), "slug" varchar(255), "created_at" datetime, "updated_at" datetime) [0m
  [4;36;1mSQL (0.0ms)[0m   [0;1m SELECT name
 FROM sqlite_master
 WHERE type = 'table' AND NOT name = 'sqlite_sequence'
[0m
  [4;35;1mSQL (76.0ms)[0m   [0mCREATE TABLE "categorizations" ("id" INTEGER PRIMARY KEY AUTOINCREMENT NOT NULL, "post_id" integer, "category_id" integer, "created_at" datetime, "updated_at" datetime) [0m
  [4;36;1mSQL (0.0ms)[0m   [0;1m SELECT name
 FROM sqlite_master
 WHERE type = 'table' AND NOT name = 'sqlite_sequence'
[0m
  [4;35;1mSQL (80.0ms)[0m   [0mCREATE TABLE "comments" ("id" INTEGER PRIMARY KEY AUTOINCREMENT NOT NULL, "user" varchar(255), "website" varchar(255), "text" text, "created_at" datetime, "updated_at" datetime, "post_id" integer, "reply_to" integer) [0m
  [4;36;1mSQL (0.0ms)[0m   [0;1m SELECT name
 FROM sqlite_master
 WHERE type = 'table' AND NOT name = 'sqlite_sequence'
[0m
  [4;35;1mSQL (69.0ms)[0m   [0mCREATE TABLE "images" ("id" INTEGER PRIMARY KEY AUTOINCREMENT NOT NULL, "name" varchar(255), "created_at" datetime, "updated_at" datetime, "title" varchar(255), "description" varchar(255), "album_id" integer) [0m
  [4;36;1mSQL (0.0ms)[0m   [0;1m SELECT name
 FROM sqlite_master
 WHERE type = 'table' AND NOT name = 'sqlite_sequence'
[0m
  [4;35;1mSQL (73.0ms)[0m   [0mCREATE TABLE "posts" ("id" INTEGER PRIMARY KEY AUTOINCREMENT NOT NULL, "slug" varchar(255), "title" varchar(255), "published_at" date, "excerpt" varchar(255), "body" text, "created_at" datetime, "updated_at" datetime, "category_id" integer, "is_published" boolean DEFAULT 'f') [0m
  [4;36;1mSQL (0.0ms)[0m   [0;1m SELECT name
 FROM sqlite_master
 WHERE type = 'table' AND NOT name = 'sqlite_sequence'
[0m
  [4;35;1mSQL (79.0ms)[0m   [0mCREATE TABLE "users" ("id" INTEGER PRIMARY KEY AUTOINCREMENT NOT NULL, "username" varchar(255), "password" varchar(255), "site_url" varchar(255), "created_at" datetime, "updated_at" datetime) [0m
  [4;36;1mSQL (0.0ms)[0m   [0;1m SELECT name
 FROM sqlite_master
 WHERE type = 'table' AND NOT name = 'sqlite_sequence'
[0m
  [4;35;1mSQL (84.0ms)[0m   [0mCREATE TABLE "videos" ("id" INTEGER PRIMARY KEY AUTOINCREMENT NOT NULL, "name" varchar(255), "description" text, "created_at" datetime, "updated_at" datetime, "embed" text) [0m
  [4;36;1mSQL (1.0ms)[0m   [0;1m SELECT name
 FROM sqlite_master
 WHERE type = 'table' AND NOT name = 'sqlite_sequence'
[0m
  [4;35;1mSQL (87.0ms)[0m   [0mCREATE TABLE "schema_migrations" ("version" varchar(255) NOT NULL) [0m
  [4;36;1mSQL (0.0ms)[0m   [0;1mPRAGMA index_list("schema_migrations")[0m
  [4;35;1mSQL (115.0ms)[0m   [0mCREATE UNIQUE INDEX "unique_schema_migrations" ON "schema_migrations" ("version")[0m
  [4;36;1mSQL (1.0ms)[0m   [0;1m SELECT name
 FROM sqlite_master
 WHERE type = 'table' AND NOT name = 'sqlite_sequence'
[0m
  [4;35;1mSQL (0.0ms)[0m   [0mSELECT version FROM "schema_migrations"[0m
  [4;36;1mSQL (125.0ms)[0m   [0;1mINSERT INTO "schema_migrations" (version) VALUES ('20101125022849')[0m
  [4;35;1mSQL (117.0ms)[0m   [0mINSERT INTO "schema_migrations" (version) VALUES ('20100824005522')[0m
  [4;36;1mSQL (114.0ms)[0m   [0;1mINSERT INTO "schema_migrations" (version) VALUES ('20100824222907')[0m
  [4;35;1mSQL (141.0ms)[0m   [0mINSERT INTO "schema_migrations" (version) VALUES ('20100824225838')[0m
  [4;36;1mSQL (118.0ms)[0m   [0;1mINSERT INTO "schema_migrations" (version) VALUES ('20100906145820')[0m
  [4;35;1mSQL (114.0ms)[0m   [0mINSERT INTO "schema_migrations" (version) VALUES ('20100906150537')[0m
  [4;36;1mSQL (191.0ms)[0m   [0;1mINSERT INTO "schema_migrations" (version) VALUES ('20100906201402')[0m
  [4;35;1mSQL (125.0ms)[0m   [0mINSERT INTO "schema_migrations" (version) VALUES ('20100930003726')[0m
  [4;36;1mSQL (127.0ms)[0m   [0;1mINSERT INTO "schema_migrations" (version) VALUES ('20101010162254')[0m
  [4;35;1mSQL (108.0ms)[0m   [0mINSERT INTO "schema_migrations" (version) VALUES ('20101010183430')[0m
  [4;36;1mSQL (115.0ms)[0m   [0;1mINSERT INTO "schema_migrations" (version) VALUES ('20101011144222')[0m
  [4;35;1mSQL (77.0ms)[0m   [0mINSERT INTO "schema_migrations" (version) VALUES ('20101016000707')[0m
  [4;36;1mSQL (124.0ms)[0m   [0;1mINSERT INTO "schema_migrations" (version) VALUES ('20101017125804')[0m
  [4;35;1mSQL (136.0ms)[0m   [0mINSERT INTO "schema_migrations" (version) VALUES ('20101017232607')[0m
  [4;36;1mSQL (168.0ms)[0m   [0;1mINSERT INTO "schema_migrations" (version) VALUES ('20101018004801')[0m
  [4;35;1mSQL (77.0ms)[0m   [0mINSERT INTO "schema_migrations" (version) VALUES ('20101018234428')[0m
  [4;36;1mSQL (108.0ms)[0m   [0;1mINSERT INTO "schema_migrations" (version) VALUES ('20101031153712')[0m
  [4;35;1mSQL (73.0ms)[0m   [0mINSERT INTO "schema_migrations" (version) VALUES ('20101107213611')[0m
  [4;36;1mSQL (76.0ms)[0m   [0;1mINSERT INTO "schema_migrations" (version) VALUES ('20101125014925')[0m
  [4;35;1mSQL (83.0ms)[0m   [0mINSERT INTO "schema_migrations" (version) VALUES ('20101125015432')[0m


Processing AlbumsController#new (for 127.0.0.1 at 2010-11-24 21:39:40) [GET]
  [4;35;1mImage Load (0.0ms)[0m   [0mSELECT * FROM "images" WHERE ("images"."album_id" IS NULL) [0m
Rendering template within layouts/master
Rendering albums/new
Completed in 94ms (View: 77, DB: 0) | 200 OK [http://127.0.0.1/albums/new]
